
------------------------------------------------
INFORMATION ON CONSENSUS AREAS
------------------------------------------------
With cut 100, calculated against each of the other areas, TOTAL: 1 consensus areas

Consensus area 0 (from 1 areas), 2 species give score:
    62 Dendropsophus melanargyreus (62): (1.000)
    81 Adenomera marmorata (81): (1.000)
Areas included: 
        0 

sp 0 [ Leptodactylus chaquensis ]
 -20.359272 -55.769039
 -20.395555 -51.394165
 -20.131901 -56.694401
 -18.595800 -54.850399
 -19.616699 -57.450001
 -20.233299 -56.366699
 -20.200001 -56.516701
 -21.135300 -55.830002
 -19.831699 -54.829399
 -19.610306 -56.825474
 -21.703890 -57.713055
 -19.004700 -57.601700
 -21.660833 -57.733891
 -20.455139 -55.491112
 -20.367201 -51.418900
 -21.614401 -55.168301
 -19.576944 -57.011665
 -19.790833 -54.931110
 -19.240833 -57.622223
 -21.670834 -57.728611
 -19.432777 -56.575001
 -20.982435 -56.516178
 -21.688889 -57.734722
 -19.418056 -56.566944
 -21.624166 -57.737778
 -20.442801 -54.646400
 -20.968508 -56.521065
 -19.531401 -54.043900
 -20.240601 -56.378300
 -20.537640 -54.748833
 -21.480301 -56.138100
 -19.025000 -53.855259
 -20.537500 -54.754723
 -19.577053 -57.019161
 -20.395399 -51.394402
 -20.981388 -56.516945
 -21.658890 -57.726391
 -21.465799 -54.383900
 -20.483601 -55.806900
 -18.988056 -56.618889
 -21.801901 -54.546398
 -21.690556 -57.723610
 -20.751333 -51.654438
 -18.988056 -56.619110
 -21.638332 -57.705276
 -19.804111 -54.905609
 -21.692938 -57.716908
 -19.576971 -57.018890
 -18.543900 -53.129200
 -21.776112 -57.803055
 -19.576982 -57.018890
 -21.121099 -56.481899
 -20.538601 -56.715000
 -19.049999 -56.783333
 -20.759262 -54.876671
 -21.606489 -57.816303
 -19.465349 -54.986420
 -19.572096 -56.153057
 -21.633612 -57.695278
 -20.471100 -55.787201
 -21.709951 -57.720917
 -21.701944 -57.720833
 -20.538055 -54.751667
 -19.576668 -57.018333
 -21.703333 -57.763611
 -21.698900 -57.882500
 -21.709999 -57.721111
 -19.022219 -57.510620
 -22.921766 -53.657093
 -18.090555 -57.474724
 -18.986389 -56.621944
 -20.772684 -51.715767
 -19.575220 -57.021667
 -20.931900 -54.961399
 -20.996000 -56.514999
 -18.983334 -56.650002
 -20.086666 -56.615555
 -19.470600 -57.021999
 -19.474001 -57.008301
 -19.475901 -57.004002
 -19.469299 -57.042900
 -19.474600 -57.008400
 -19.542500 -56.127300
 -19.563801 -56.112900
 -19.565001 -56.114101
 -19.563499 -56.146000
 -19.568300 -56.149601
 -19.572701 -56.151402
 -20.813499 -56.440102
 -19.485006 -57.037544
 -19.009199 -57.653301
sp 1 [ Dendropsophus nanus ]
 -20.468868 -55.525837
 -20.538055 -54.753056
 -20.438061 -55.286743
 -20.395555 -51.394165
 -22.233299 -53.343102
 -21.121111 -56.481667
 -19.009445 -57.653057
 -20.443333 -53.759167
 -20.131901 -56.694401
 -19.016701 -57.650002
 -19.616699 -57.450001
 -20.537500 -54.754723
 -20.503778 -54.615334
 -20.389090 -51.404739
 -21.480301 -56.138100
 -21.121099 -56.481899
 -19.804106 -54.905621
 -18.937819 -54.472004
 -19.577057 -57.019169
 -20.503441 -54.617401
 -19.831699 -54.829399
 -19.804111 -54.905609
 -19.427500 -54.618610
 -19.025000 -53.855259
 -20.086666 -56.615555
 -20.759262 -54.876671
 -20.538055 -54.751667
 -21.709951 -57.720917
 -20.981388 -56.516945
 -22.078899 -54.789398
 -19.576735 -57.018906
 -20.751333 -51.654438
 -20.772684 -51.715767
 -21.465799 -54.383900
 -19.575220 -57.021667
 -20.931900 -54.961399
 -18.158789 -53.417671
 -19.576982 -57.018890
 -21.606489 -57.816303
 -19.577053 -57.019161
 -19.572096 -56.153057
 -20.538759 -54.751411
 -20.158222 -55.066944
 -20.968508 -56.521065
 -21.135300 -55.830002
 -21.692938 -57.716908
 -19.022219 -57.510620
 -20.442801 -54.646400
 -20.471100 -55.787201
 -20.443100 -53.759201
 -20.538601 -56.715000
 -22.921766 -53.657093
 -21.649000 -57.824001
 -21.692801 -57.737999
 -21.697001 -57.740898
 -21.703600 -57.742401
 -21.639900 -57.707802
 -21.633200 -57.694801
 -21.638000 -57.705101
 -19.471100 -57.016499
 -19.485201 -57.027199
 -19.573500 -57.024502
 -19.490400 -57.042801
 -19.573500 -57.036800
 -19.510099 -57.007301
 -19.479000 -57.014500
 -19.474199 -57.009201
 -19.445999 -57.076302
 -19.556000 -56.114101
 -19.563499 -56.146000
 -19.677000 -51.189999
 -18.543900 -53.129200
 -21.802500 -54.542301
 -20.457199 -53.760700
 -19.001200 -57.653198
 -19.485006 -57.037544
 -22.634199 -54.822201
 -19.009199 -57.653301
sp 2 [ Scinax nasicus ]
 -20.359272 -55.769039
 -19.016670 -57.650002
 -19.616699 -57.450001
 -20.200001 -56.516701
 -20.996000 -56.514999
 -18.989079 -56.621944
 -18.989971 -56.665417
 -19.418056 -56.566944
 -20.537701 -54.754280
 -20.981388 -56.516945
 -19.575220 -57.021667
 -22.921766 -53.657093
 -19.004560 -56.635750
 -21.698900 -57.882500
 -21.701944 -57.720833
 -19.427500 -54.618610
 -21.116793 -56.517567
 -18.980833 -56.641109
 -20.931900 -54.961399
 -19.240833 -57.622223
 -19.049999 -56.783333
 -19.572096 -56.153057
 -20.537500 -54.754723
 -19.576982 -57.018890
 -20.442801 -54.646400
 -20.538055 -54.751667
 -18.593555 -56.371208
 -21.121099 -56.481899
 -20.086666 -56.615555
 -20.471100 -55.787201
 -20.538601 -56.715000
 -20.395399 -51.394402
 -21.692938 -57.716908
 -18.995083 -56.617748
 -21.679899 -57.718201
 -21.649000 -57.824001
 -21.691299 -57.736698
 -21.692801 -57.737999
 -21.622299 -57.737301
 -21.692499 -57.738499
 -21.686800 -57.719200
 -21.669100 -57.718102
 -21.637501 -57.701599
 -21.638000 -57.705101
 -21.709200 -57.720600
 -19.577200 -57.019100
 -19.472300 -57.013599
 -19.504601 -57.008999
 -19.471100 -57.016499
 -19.517200 -57.007198
 -19.496201 -57.010899
 -19.485201 -57.027199
 -19.474199 -57.009201
 -19.445999 -57.076302
 -19.490400 -57.042801
 -19.510099 -57.007301
 -19.481001 -57.013901
 -19.479000 -57.014500
 -19.606199 -57.035999
 -19.551901 -56.137501
 -19.554300 -56.114399
 -19.569700 -56.120602
 -19.542101 -56.126400
 -19.541901 -56.127201
 -19.534599 -56.130501
 -19.565001 -56.114101
 -19.572300 -56.146000
 -19.568300 -56.149601
 -19.572701 -56.151402
 -18.543900 -53.129200
 -21.802500 -54.542301
 -21.752800 -52.174599
 -20.495199 -56.789101
 -22.634199 -54.822201
 -19.009199 -57.653301
sp 3 [ Leptodactylus podicipinus ]
 -20.538055 -54.753056
 -20.359272 -55.769039
 -20.395555 -51.394165
 -20.443333 -53.759167
 -20.131901 -56.694401
 -19.616699 -57.450001
 -21.633301 -55.150002
 -20.394354 -54.589424
 -20.086666 -56.615555
 -19.025000 -53.855259
 -20.996000 -56.514999
 -19.240833 -57.622223
 -21.456892 -56.440327
 -20.500187 -54.614887
 -20.483601 -55.806900
 -19.804106 -54.905621
 -19.576982 -57.018890
 -20.537945 -54.753307
 -19.576735 -57.018906
 -20.538601 -56.715000
 -20.454742 -54.559788
 -19.636667 -54.560833
 -20.537500 -54.754723
 -18.543900 -53.129200
 -22.325832 -54.729168
 -19.801666 -54.939999
 -19.465349 -54.986420
 -20.931900 -54.961399
 -18.158789 -53.417671
 -19.576578 -57.018906
 -21.606489 -57.816303
 -20.751333 -51.654438
 -19.449400 -54.986900
 -20.471100 -55.787201
 -19.531401 -54.043900
 -19.577053 -57.019161
 -21.690277 -57.721111
 -20.442320 -54.679943
 -21.701944 -57.720833
 -19.248194 -52.782528
 -20.538055 -54.751667
 -19.022219 -57.510620
 -21.709951 -57.720917
 -20.538759 -54.751411
 -20.367201 -51.418900
 -20.158222 -55.066944
 -18.988056 -56.619110
 -19.576944 -57.011665
 -19.831699 -54.829399
 -19.575220 -57.021667
 -20.506544 -54.641335
 -20.968508 -56.521065
 -19.568722 -51.880669
 -19.049999 -56.783333
 -20.981388 -56.516945
 -19.572096 -56.153057
 -22.921766 -53.657093
 -20.772684 -51.715767
 -18.986389 -56.621944
 -19.141945 -56.794167
 -18.090555 -57.474724
 -20.389090 -51.404739
 -19.004700 -57.601700
 -19.576971 -57.018890
 -20.442801 -54.646400
 -19.677000 -51.189999
 -21.127501 -56.476002
 -21.802500 -54.542301
 -20.976900 -52.086498
 -19.001200 -57.653198
 -21.752800 -52.174599
 -19.485006 -57.037544
 -22.634199 -54.822201
 -19.009199 -57.653301
sp 4 [ Leptodactylus fuscus ]
 -20.359272 -55.769039
 -19.016670 -57.650002
 -20.443333 -53.759167
 -20.131901 -56.694401
 -18.090555 -57.474724
 -22.078899 -54.789398
 -19.804106 -54.905621
 -21.465799 -54.383900
 -22.329639 -54.736027
 -19.395300 -54.566399
 -20.931900 -54.961399
 -19.465349 -54.986420
 -21.709951 -57.720917
 -20.086666 -56.615555
 -20.433332 -54.616669
 -19.004700 -57.601700
 -20.538759 -54.751411
 -19.831699 -54.829399
 -19.022219 -57.510620
 -21.801901 -54.546398
 -20.538601 -56.715000
 -20.982435 -56.516178
 -22.921766 -53.657093
 -19.576668 -57.018333
 -21.633612 -57.695278
 -20.996000 -56.514999
 -21.135300 -55.830002
 -18.988056 -56.619110
 -20.471100 -55.787201
 -20.759262 -54.876671
 -18.543900 -53.129200
 -19.240833 -57.622223
 -20.394354 -54.589424
 -19.049999 -56.783333
 -18.988056 -56.618889
 -20.538055 -54.751667
 -19.386389 -54.568890
 -20.442801 -54.646400
 -22.328556 -54.732639
 -19.540701 -57.000500
 -19.528099 -57.006001
 -19.482599 -57.012798
 -19.479000 -57.014500
 -19.474600 -57.008400
 -19.481001 -57.013901
 -19.573500 -56.155499
 -19.551901 -56.137501
 -19.548800 -56.133900
 -19.552900 -56.115101
 -19.557100 -56.115799
 -19.569700 -56.120602
 -19.513599 -56.121201
 -19.542101 -56.126400
 -19.534599 -56.130501
 -19.563801 -56.112900
 -19.565001 -56.114101
 -19.563499 -56.146000
 -19.568300 -56.149601
 -19.572701 -56.151402
 -22.113800 -56.527802
 -19.001200 -57.653198
 -21.752800 -52.174599
 -19.009199 -57.653301
sp 5 [ Physalaemus albonotatus ]
 -19.009445 -57.653057
 -20.131901 -56.694401
 -21.714594 -57.898106
 -19.240833 -57.622223
 -19.577057 -57.019169
 -22.078899 -54.789398
 -20.981388 -56.516945
 -21.121099 -56.481899
 -21.801901 -54.546398
 -19.427500 -54.618610
 -20.982435 -56.516178
 -19.831699 -54.829399
 -20.759262 -54.876671
 -20.538601 -56.715000
 -20.495909 -54.590321
 -20.506544 -54.641335
 -19.804106 -54.905621
 -21.692938 -57.716908
 -20.086666 -56.615555
 -19.575220 -57.021667
 -20.471100 -55.787201
 -19.049999 -56.783333
 -20.467167 -54.655090
 -21.701944 -57.720833
 -18.675203 -54.610649
 -20.442801 -54.646400
 -18.090555 -57.474724
 -20.996000 -56.514999
 -18.988056 -56.619110
 -20.968508 -56.521065
 -20.454742 -54.559788
 -21.649000 -57.824001
 -21.690300 -57.735401
 -21.691299 -57.736698
 -21.692801 -57.737999
 -21.671000 -57.734402
 -21.669201 -57.717300
 -21.637800 -57.702000
 -21.638000 -57.705101
 -19.471100 -57.016499
 -19.698999 -57.019699
 -19.577200 -57.019100
 -19.474199 -57.009201
 -19.445999 -57.076302
 -19.490400 -57.042801
 -19.479000 -57.014500
 -19.484900 -57.036098
 -19.554300 -56.114399
 -19.557100 -56.115799
 -19.513599 -56.121201
 -19.534599 -56.130501
 -19.563801 -56.112900
 -19.565001 -56.114101
 -19.572300 -56.146000
 -19.568300 -56.149601
 -21.137444 -56.724556
 -21.136278 -56.724361
 -21.135000 -56.723972
 -21.133057 -56.723305
 -19.009199 -57.653301
sp 6 [ Pithecopus azureus ]
 -18.918100 -54.844200
 -20.966667 -56.508888
 -20.483601 -55.806900
 -19.022219 -57.510620
 -19.004669 -56.368580
 -21.121099 -56.481899
 -21.480301 -56.138100
 -19.636667 -54.560833
 -19.240833 -57.622223
 -20.367201 -51.418900
 -21.116793 -56.517567
 -20.538759 -54.751411
 -21.701944 -57.720833
 -20.086666 -56.615555
 -20.442801 -54.646400
 -19.018089 -56.394478
 -20.471100 -55.787201
 -19.831699 -54.829399
 -20.395399 -51.394402
 -19.049999 -56.783333
 -20.538055 -54.751667
 -20.158222 -55.066944
 -18.597988 -56.365700
 -20.996000 -56.514999
 -19.009199 -57.653301
 -20.759262 -54.876671
 -18.990278 -56.661083
 -22.921766 -53.657093
 -19.804106 -54.905621
 -20.982435 -56.516178
 -19.004560 -56.635750
 -20.538601 -56.715000
 -18.593555 -56.371208
 -20.968508 -56.521065
 -21.681101 -57.718102
 -21.649000 -57.824001
 -21.671000 -57.734402
 -21.622200 -57.737000
 -21.697001 -57.740898
 -21.703600 -57.742401
 -21.669201 -57.717300
 -21.638000 -57.705101
 -19.573500 -57.024502
 -19.479000 -57.014500
 -19.504601 -57.008999
 -19.471100 -57.016499
 -19.517200 -57.007198
 -19.577200 -57.019100
 -19.445999 -57.076302
 -19.490400 -57.042801
 -19.576000 -57.019001
 -19.554300 -56.114399
 -19.557100 -56.115799
 -19.565500 -56.102600
 -19.569700 -56.120602
 -19.513599 -56.121201
 -19.534599 -56.130501
 -19.565001 -56.114101
 -19.572701 -56.151402
sp 7 [ Boana raniceps ]
 -20.751101 -51.678299
 -20.538055 -54.753056
 -19.831699 -54.829399
 -19.418056 -56.566944
 -21.121099 -56.481899
 -21.692938 -57.716908
 -21.465799 -54.383900
 -18.980833 -56.641109
 -20.086666 -56.615555
 -21.568611 -54.273609
 -22.325832 -54.729168
 -19.636667 -54.560833
 -18.158789 -53.417671
 -19.004700 -57.601700
 -20.538055 -54.751667
 -19.575220 -57.021667
 -19.004560 -56.635750
 -20.503778 -54.615334
 -19.559639 -51.895473
 -19.240833 -57.622223
 -19.577057 -57.019169
 -22.078899 -54.789398
 -20.772684 -51.715767
 -20.982435 -56.516178
 -20.367201 -51.418900
 -20.537500 -54.754723
 -19.576735 -57.018906
 -19.465349 -54.986420
 -19.020000 -53.856945
 -20.759262 -54.876671
 -18.543900 -53.129200
 -20.751333 -51.654438
 -20.538601 -56.715000
 -21.709951 -57.720917
 -21.135300 -55.830002
 -19.577053 -57.019161
 -20.389400 -51.403999
 -20.968508 -56.521065
 -18.597988 -56.365700
 -20.996000 -56.514999
 -18.090555 -57.474724
 -21.701944 -57.720833
 -18.989971 -56.665417
 -20.538759 -54.751411
 -22.921766 -53.657093
 -19.572096 -56.153057
 -19.022219 -57.510620
 -19.804106 -54.905621
 -20.395399 -51.394402
 -20.442801 -54.646400
 -19.049999 -56.783333
 -18.593555 -56.371208
 -20.931900 -54.961399
 -19.009199 -57.653301
 -20.471100 -55.787201
sp 8 [ Dendropsophus minutus ]
 -20.538055 -54.753056
 -20.200001 -56.516701
 -19.790833 -54.931110
 -19.418056 -56.566944
 -20.759262 -54.876671
 -22.328556 -54.732639
 -21.121099 -56.481899
 -21.135300 -55.830002
 -19.531401 -54.043900
 -21.465799 -54.383900
 -19.725599 -51.930000
 -19.831699 -54.829399
 -19.248194 -52.782528
 -20.483601 -55.806900
 -20.538601 -56.715000
 -19.636667 -54.560833
 -19.565889 -51.908112
 -19.240833 -57.622223
 -21.506390 -54.217220
 -20.982435 -56.516178
 -20.471100 -55.787201
 -20.442801 -54.646400
 -20.968508 -56.521065
 -22.921766 -53.657093
 -20.538759 -54.751411
 -20.538055 -54.751667
 -21.480301 -56.138100
 -20.450832 -55.621944
 -19.572096 -56.153057
 -19.577200 -57.019100
 -19.554300 -56.114399
 -19.554701 -56.115002
 -19.565500 -56.102600
 -19.569700 -56.120602
 -19.513599 -56.121201
 -19.563499 -56.146000
 -21.128700 -56.483501
 -18.543900 -53.129200
 -21.802500 -54.542301
 -19.001200 -57.653198
 -22.634199 -54.822201
 -19.009199 -57.653301
sp 9 [ Scinax acuminatus ]
 -20.131901 -56.694401
 -19.616699 -57.450001
 -20.200001 -56.516701
 -20.483601 -55.806900
 -20.538055 -54.751667
 -19.022219 -57.510620
 -19.576982 -57.018890
 -18.989079 -56.621944
 -19.004700 -57.601700
 -19.240833 -57.622223
 -18.090555 -57.474724
 -19.576735 -57.018906
 -21.701944 -57.720833
 -18.593555 -56.371208
 -20.471100 -55.787201
 -19.575220 -57.021667
 -20.086666 -56.615555
 -21.649000 -57.824001
 -21.690300 -57.735401
 -21.691299 -57.736698
 -21.692801 -57.737999
 -21.693100 -57.738701
 -21.671000 -57.734402
 -21.697001 -57.740898
 -21.703600 -57.742401
 -21.692499 -57.738499
 -21.692699 -57.738201
 -21.705099 -57.712002
 -21.669201 -57.717300
 -21.669100 -57.718102
 -21.639900 -57.707802
 -21.638000 -57.705101
 -21.691999 -57.716000
 -21.709200 -57.720600
 -19.474600 -57.008400
 -19.472300 -57.013599
 -19.504601 -57.008999
 -19.471100 -57.016499
 -19.517200 -57.007198
 -19.496201 -57.010899
 -19.485201 -57.027199
 -19.577200 -57.019100
 -19.474199 -57.009201
 -19.471201 -57.026798
 -19.490400 -57.042801
 -19.510099 -57.007301
 -19.481001 -57.013901
 -19.479000 -57.014500
 -19.606199 -57.035999
 -19.576000 -57.019001
 -19.513599 -56.121201
 -19.485006 -57.037544
 -19.009199 -57.653301
sp 10 [ Scinax fuscovarius ]
 -20.538055 -54.753056
 -20.751101 -51.678299
 -20.131901 -56.694401
 -21.633301 -55.150002
 -19.559639 -51.895473
 -18.999916 -53.173611
 -19.831699 -54.829399
 -20.141701 -54.399399
 -20.931900 -54.961399
 -19.465349 -54.986420
 -21.480301 -56.138100
 -20.483601 -55.806900
 -21.506390 -54.217220
 -22.921766 -53.657093
 -19.025000 -53.855259
 -20.982435 -56.516178
 -22.078899 -54.789398
 -19.636667 -54.560833
 -20.996000 -56.514999
 -19.194216 -57.621841
 -21.146667 -56.792221
 -20.454742 -54.559788
 -19.531401 -54.043900
 -19.835861 -51.538082
 -20.981388 -56.516945
 -19.240833 -57.622223
 -21.135300 -55.830002
 -21.121099 -56.481899
 -20.394354 -54.589424
 -20.968508 -56.521065
 -20.471100 -55.787201
 -20.538055 -54.751667
 -21.465799 -54.383900
 -19.804106 -54.905621
 -20.538759 -54.751411
 -20.442801 -54.646400
 -20.538601 -56.715000
 -19.790833 -54.931110
 -20.395399 -51.394402
 -20.980278 -56.508888
 -21.045694 -56.608723
 -19.113300 -51.734200
 -19.449499 -54.989601
 -18.543900 -53.129200
 -21.802500 -54.542301
 -20.976900 -52.086498
 -19.001200 -57.653198
 -22.634199 -54.822201
 -19.009199 -57.653301
sp 11 [ Physalaemus biligonigerus ]
 -20.359272 -55.769039
 -20.131901 -56.694401
 -21.714594 -57.898106
 -19.790833 -54.931110
 -20.389400 -51.403999
 -19.240833 -57.622223
 -21.698900 -57.882500
 -20.931900 -54.961399
 -20.471100 -55.787201
 -21.658890 -57.726391
 -21.692938 -57.716908
 -19.141945 -56.794167
 -18.989079 -56.621944
 -21.701944 -57.720833
 -21.681299 -57.717999
 -21.691299 -57.736698
 -21.693100 -57.738701
 -21.671000 -57.734402
 -21.692499 -57.738499
 -21.692699 -57.738201
 -21.686800 -57.719200
 -21.669201 -57.717300
 -21.637800 -57.702000
 -21.638000 -57.705101
 -21.709200 -57.720600
 -19.472300 -57.013599
 -19.504601 -57.008999
 -19.474600 -57.008400
 -19.471100 -57.016499
 -19.474199 -57.009201
 -19.471201 -57.026798
 -19.445999 -57.076302
 -19.481001 -57.013901
 -19.479000 -57.014500
 -19.483000 -57.020500
 -19.484900 -57.036098
 -19.548800 -56.133900
 -19.554300 -56.114399
 -19.552900 -56.115101
 -19.557100 -56.115799
 -19.513599 -56.121201
 -19.541901 -56.127201
 -19.534599 -56.130501
 -19.563801 -56.112900
 -19.565001 -56.114101
 -19.572300 -56.146000
 -19.568300 -56.149601
 -21.752800 -52.174599
 -19.009199 -57.653301
sp 12 [ Pseudis platensis ]
 -19.009445 -57.653057
 -20.759262 -54.876671
 -20.086666 -56.615555
 -20.442801 -54.646400
 -20.471100 -55.787201
 -19.636667 -54.560833
 -19.574100 -57.035900
 -20.450832 -55.621944
 -18.090555 -57.474724
 -21.701944 -57.720833
 -22.921766 -53.657093
 -19.831699 -54.829399
 -19.576735 -57.018906
 -20.968508 -56.521065
 -21.698900 -57.882500
 -19.531401 -54.043900
 -21.121099 -56.481899
 -20.996000 -56.514999
 -21.692938 -57.716908
 -21.606489 -57.816303
 -19.049999 -56.783333
 -19.240833 -57.622223
 -19.572096 -56.153057
 -18.986389 -56.621944
 -20.395399 -51.394402
 -21.649000 -57.824001
 -21.690300 -57.735401
 -21.693100 -57.738701
 -21.671000 -57.734402
 -21.697001 -57.740898
 -21.703600 -57.742401
 -21.692499 -57.738499
 -21.692699 -57.738201
 -21.633200 -57.694801
 -21.638000 -57.705101
 -19.445999 -57.076302
 -19.479000 -57.014500
 -19.548800 -56.133900
 -19.541901 -56.127201
 -19.534599 -56.130501
 -19.563801 -56.112900
 -19.572300 -56.146000
 -20.813499 -56.440102
 -20.444500 -52.877998
 -21.802500 -54.542301
 -19.001200 -57.653198
 -21.752800 -52.174599
 -19.009199 -57.653301
sp 13 [ Rhinella diptycha ]
 -21.801901 -54.546398
 -19.831699 -54.829399
 -20.538601 -56.715000
 -18.090555 -57.474724
 -20.512222 -55.330002
 -19.240833 -57.622223
 -20.467167 -54.655090
 -20.495909 -54.590321
 -20.395399 -51.394402
 -20.759262 -54.876671
 -20.394354 -54.589424
 -20.497555 -54.629147
 -20.478329 -54.552822
 -20.483601 -55.806900
 -20.538759 -54.751411
 -20.389400 -51.403999
 -20.386999 -51.411701
 -20.561111 -55.305000
 -19.449400 -54.986900
 -19.049999 -56.783333
 -20.772684 -51.715767
 -20.442200 -54.860298
 -19.531401 -54.043900
 -19.576735 -57.018906
 -20.141701 -54.399399
 -21.709951 -57.720917
 -20.442320 -54.679943
 -19.433056 -57.053055
 -22.921766 -53.657093
 -19.804106 -54.905621
 -20.442801 -54.646400
 -19.009199 -57.653301
 -20.931900 -54.961399
 -19.277500 -57.572777
 -19.252222 -57.578335
 -18.543900 -53.129200
 -19.197222 -57.583889
 -19.649166 -57.027222
 -20.500187 -54.614887
 -19.274721 -57.571945
 -19.576944 -57.011665
 -19.022219 -57.510620
 -19.576944 -57.019169
 -19.575220 -57.021667
 -20.538055 -54.751667
 -21.465799 -54.383900
 -20.471100 -55.787201
sp 14 [ Scinax similis ]
 -21.705099 -57.712002
 -21.671000 -57.734402
 -21.622200 -57.737000
 -21.622299 -57.737301
 -21.630400 -57.737000
 -21.697001 -57.740898
 -21.703600 -57.742401
 -21.692499 -57.738499
 -21.669201 -57.717300
 -21.637800 -57.702000
 -21.638000 -57.705101
 -19.472300 -57.013599
 -19.474600 -57.008400
 -19.471100 -57.016499
 -19.698999 -57.019699
 -19.577200 -57.019100
 -19.474199 -57.009201
 -19.471201 -57.026798
 -19.445999 -57.076302
 -19.490400 -57.042801
 -19.481001 -57.013901
 -19.479000 -57.014500
 -19.483000 -57.020500
 -19.484900 -57.036098
 -19.576000 -57.019001
 -19.551901 -56.137501
 -19.548800 -56.133900
 -19.554300 -56.114399
 -19.552900 -56.115101
 -19.557100 -56.115799
 -19.565500 -56.102600
 -19.569700 -56.120602
 -19.513599 -56.121201
 -19.542500 -56.127300
 -19.542101 -56.126400
 -19.541901 -56.127201
 -19.534599 -56.130501
 -19.563801 -56.112900
 -19.565001 -56.114101
 -19.572300 -56.146000
 -19.563499 -56.146000
 -19.568300 -56.149601
 -19.572701 -56.151402
sp 15 [ Physalaemus cuvieri ]
 -20.538055 -54.753056
 -20.359272 -55.769039
 -20.395555 -51.394165
 -20.751101 -51.678299
 -20.233299 -56.366699
 -19.009199 -57.653301
 -19.636667 -54.560833
 -20.442320 -54.679943
 -22.328556 -54.732639
 -21.568611 -54.249443
 -22.921766 -53.657093
 -19.531401 -54.043900
 -19.831699 -54.829399
 -20.389090 -51.404739
 -20.537701 -54.754280
 -20.395399 -51.394402
 -20.968508 -56.521065
 -20.506544 -54.641335
 -20.442801 -54.646400
 -20.365000 -52.576668
 -19.804106 -54.905621
 -20.996000 -56.514999
 -20.471100 -55.787201
 -20.538055 -54.751667
 -20.538759 -54.751411
 -19.576735 -57.018906
 -18.543900 -53.129200
 -21.802500 -54.542301
 -21.137667 -56.724419
 -21.136972 -56.724556
 -21.136110 -56.724335
 -21.135639 -56.724220
 -21.135418 -56.724194
 -21.135139 -56.723999
 -21.117416 -56.723305
 -21.132833 -56.723389
 -21.132668 -56.723446
 -21.132055 -56.723141
 -21.131945 -56.722889
 -22.634199 -54.822201
sp 16 [ Hypsiboas raniceps ]
 -20.131901 -56.694401
 -19.616699 -57.450001
 -19.016701 -57.650002
 -20.200001 -56.516701
 -20.433300 -55.533298
 -21.649000 -57.824001
 -21.703600 -57.742401
 -21.642599 -57.708900
 -21.639900 -57.707802
 -21.637800 -57.702000
 -21.633200 -57.694801
 -21.638000 -57.705101
 -21.709200 -57.720600
 -19.517200 -57.007198
 -19.577200 -57.019100
 -19.573500 -57.024502
 -19.490400 -57.042801
 -19.510099 -57.007301
 -19.479000 -57.014500
 -19.474199 -57.009201
 -19.474600 -57.008400
 -19.471100 -57.016499
 -19.496201 -57.010899
 -19.485201 -57.027199
 -19.450300 -57.109699
 -19.445999 -57.076302
 -19.573500 -57.036800
 -19.556000 -56.114101
 -19.554701 -56.115002
 -19.565500 -56.102600
 -19.563499 -56.146000
 -19.677000 -51.189999
 -21.127501 -56.476002
 -20.363701 -51.424400
 -21.802500 -54.542301
 -19.001200 -57.653198
 -21.752800 -52.174599
 -19.009199 -57.653301
sp 17 [ Trachycephalus typhonius ]
 -20.751101 -51.678299
 -18.918100 -54.844200
 -22.209806 -53.476524
 -21.692938 -57.716908
 -22.921766 -53.657093
 -20.367201 -51.418900
 -20.389090 -51.404739
 -19.577053 -57.019161
 -20.759262 -54.876671
 -18.090555 -57.474724
 -19.049999 -56.783333
 -21.606489 -57.816303
 -19.531401 -54.043900
 -19.022219 -57.510620
 -20.455139 -55.498409
 -19.240833 -57.622223
 -19.576735 -57.018906
 -20.996000 -56.514999
 -19.479000 -57.014500
 -19.576000 -57.019001
 -19.552900 -56.115101
 -19.557100 -56.115799
 -19.542500 -56.127300
 -19.542101 -56.126400
 -19.541901 -56.127201
 -19.534599 -56.130501
 -19.563801 -56.112900
 -19.565001 -56.114101
 -19.572300 -56.146000
 -19.568300 -56.149601
 -19.572701 -56.151402
 -20.813499 -56.440102
 -18.543900 -53.129200
 -21.802500 -54.542301
 -19.001200 -57.653198
 -19.009199 -57.653301
sp 18 [ Physalaemus nattereri ]
 -21.121099 -56.481899
 -20.359272 -55.769039
 -20.395555 -51.394165
 -20.751101 -51.678299
 -20.443333 -53.759167
 -20.443056 -54.646389
 -21.633612 -57.695278
 -20.982435 -56.516178
 -20.086666 -56.615555
 -22.078899 -54.789398
 -20.968508 -56.521065
 -20.367201 -51.418900
 -20.454742 -54.559788
 -19.240833 -57.622223
 -20.442200 -54.860298
 -19.831699 -54.829399
 -20.438238 -54.640942
 -20.538055 -54.751667
 -20.483601 -55.806900
 -21.135300 -55.830002
 -19.636667 -54.560833
 -20.471100 -55.787201
 -20.389090 -51.404739
 -20.538759 -54.751411
 -21.465799 -54.383900
 -20.442801 -54.646400
 -20.442320 -54.679943
 -19.804106 -54.905621
 -19.113300 -51.734200
 -18.543900 -53.129200
 -21.802500 -54.542301
sp 19 [ Boana punctata ]
 -20.538055 -54.753056
 -19.070139 -52.991249
 -20.507000 -54.641102
 -20.495909 -54.590321
 -20.981388 -56.516945
 -22.328556 -54.732639
 -20.506544 -54.641335
 -21.709951 -57.720917
 -19.531401 -54.043900
 -19.025000 -53.855259
 -19.024418 -53.192890
 -20.538759 -54.751411
 -20.442801 -54.646400
 -20.537701 -54.754280
 -21.465799 -54.383900
 -22.078899 -54.789398
 -21.701944 -57.720833
 -20.394354 -54.589424
 -20.502222 -54.618332
 -20.471100 -55.787201
 -19.022219 -57.510620
 -21.606489 -57.816303
 -19.004700 -57.601700
 -19.009199 -57.653301
 -20.538055 -54.751667
 -20.500187 -54.614887
 -18.158789 -53.417671
 -20.442320 -54.679943
sp 20 [ Scinax fuscomarginatus ]
 -20.538055 -54.753056
 -18.918100 -54.844200
 -20.443333 -53.759167
 -20.131901 -56.694401
 -20.503778 -54.615334
 -21.701944 -57.720833
 -19.572096 -56.153057
 -19.831699 -54.829399
 -19.418056 -56.566944
 -18.158789 -53.417671
 -19.531401 -54.043900
 -22.921766 -53.657093
 -21.135300 -55.830002
 -20.471100 -55.787201
 -20.537701 -54.754280
 -20.538759 -54.751411
 -20.442801 -54.646400
 -19.636667 -54.560833
 -20.538055 -54.751667
 -20.537500 -54.754723
 -21.630400 -57.737000
 -19.504601 -57.008999
 -21.802500 -54.542301
 -19.009199 -57.653301
sp 21 [ Lysapsus limellum ]
 -20.359272 -55.769039
 -19.009445 -57.653057
 -20.131901 -56.694401
 -19.616699 -57.450001
 -16.066700 -57.683300
 -20.086666 -56.615555
 -18.090555 -57.474724
 -22.078899 -54.789398
 -19.576982 -57.018890
 -19.575220 -57.021667
 -21.698900 -57.882500
 -19.022219 -57.510620
 -19.576735 -57.018906
 -18.597988 -56.365700
 -21.606489 -57.816303
 -18.989079 -56.621944
 -21.692938 -57.716908
 -19.049999 -56.783333
 -19.572096 -56.153057
 -21.709951 -57.720917
 -20.471100 -55.787201
 -19.004700 -57.601700
 -19.577053 -57.019161
 -19.009199 -57.653301
sp 22 [ Leptodactylus elenae ]
 -20.131901 -56.694401
 -20.200001 -56.516701
 -19.576735 -57.018906
 -19.240833 -57.622223
 -20.414347 -54.615471
 -20.471100 -55.787201
 -20.981388 -56.516945
 -20.538759 -54.751411
 -20.086666 -56.615555
 -19.831699 -54.829399
 -20.467167 -54.655090
 -20.537701 -54.754280
 -21.701944 -57.720833
 -21.121099 -56.481899
 -20.931900 -54.961399
 -20.538055 -54.751667
 -20.759262 -54.876671
 -18.090555 -57.474724
 -21.128700 -56.483501
 -19.001200 -57.653198
 -19.009199 -57.653301
sp 23 [ Rhinella scitula ]
 -20.983334 -56.516666
 -21.173056 -56.853333
 -18.090555 -57.474724
 -20.609547 -56.867046
 -21.036112 -56.384167
 -20.982435 -56.516178
 -20.483601 -55.806900
 -19.009199 -57.653301
 -20.981388 -56.516945
 -21.180222 -56.444473
 -20.471100 -55.787201
 -20.451111 -55.621113
 -20.996000 -56.514999
 -21.110901 -56.630032
 -22.860832 -54.986668
 -21.121099 -56.481899
 -20.983055 -56.515556
 -20.538601 -56.715000
 -20.495199 -56.789101
sp 24 [ Elachistocleis cesarii ]
 -20.365000 -52.576668
 -19.636667 -54.639442
 -21.671000 -57.734402
 -21.637800 -57.702000
 -19.474600 -57.008400
 -19.474199 -57.009201
 -19.481001 -57.013901
 -19.479000 -57.014500
 -19.484900 -57.036098
 -19.576000 -57.019001
 -19.551901 -56.137501
 -19.548800 -56.133900
 -19.552900 -56.115101
 -19.557100 -56.115799
 -19.542500 -56.127300
 -19.563801 -56.112900
 -19.565001 -56.114101
 -19.572300 -56.146000
 -19.568300 -56.149601
sp 25 [ Dermatonotus muelleri ]
 -21.121099 -56.481899
 -20.359272 -55.769039
 -20.233299 -56.366699
 -20.442801 -54.646400
 -20.086666 -56.615555
 -19.831699 -54.829399
 -21.701944 -57.720833
 -20.367201 -51.418900
 -19.801666 -54.939999
 -19.240833 -57.622223
 -20.386999 -51.411701
 -20.471100 -55.787201
 -20.240601 -56.378300
 -20.442200 -54.860298
 -20.389400 -51.403999
 -19.001200 -57.653198
 -19.009199 -57.653301
sp 26 [ Leptodactylus bufonius ]
 -20.131901 -56.694401
 -21.776112 -57.803055
 -21.703890 -57.713055
 -21.690277 -57.721111
 -21.710278 -57.711666
 -21.692938 -57.716908
 -21.660833 -57.733891
 -21.698900 -57.882500
 -21.638332 -57.705276
 -21.703890 -57.718887
 -21.658890 -57.726391
 -21.709723 -57.720833
 -21.690556 -57.723610
 -21.709999 -57.721111
 -21.633612 -57.695278
 -21.709951 -57.720917
 -21.688889 -57.734722
 -19.009199 -57.653301
sp 27 [ Boana albopunctata ]
 -20.538055 -54.753056
 -20.443333 -53.759167
 -22.078899 -54.789398
 -19.009199 -57.653301
 -19.531401 -54.043900
 -19.020000 -53.856945
 -21.465799 -54.383900
 -20.471100 -55.787201
 -20.538759 -54.751411
 -21.568611 -54.273609
 -19.577053 -57.019161
 -20.538055 -54.751667
 -18.158789 -53.417671
 -19.025000 -53.855259
 -18.543900 -53.129200
 -19.070139 -52.991249
 -20.442801 -54.646400
sp 28 [ Leptodactylus labyrinthicus ]
 -19.150000 -57.633331
 -19.205000 -57.625832
 -20.483601 -55.806900
 -19.831699 -54.829399
 -19.465349 -54.986420
 -21.121099 -56.481899
 -20.467375 -54.600716
 -19.240833 -57.622223
 -20.982435 -56.516178
 -20.437731 -54.865639
 -20.968508 -56.521065
 -19.790833 -54.931110
 -19.565889 -51.908112
 -20.429447 -54.577194
 -21.128700 -56.483501
 -19.009199 -57.653301
sp 29 [ Leptodactylus mystacinus ]
 -20.395555 -51.394165
 -20.931900 -54.961399
 -20.538601 -56.715000
 -20.483601 -55.806900
 -20.996000 -56.514999
 -19.221666 -57.626667
 -21.480301 -56.138100
 -20.414347 -54.615471
 -19.240833 -57.622223
 -20.438238 -54.640942
 -20.394354 -54.589424
 -20.538055 -54.751667
 -20.454742 -54.559788
 -19.001200 -57.653198
 -19.009199 -57.653301
sp 30 [ Elachistocleis matogrosso ]
 -19.009199 -57.653301
 -21.606489 -57.816303
 -20.086666 -56.615555
 -21.709951 -57.720917
 -20.442801 -54.646400
 -19.022219 -57.510620
 -20.538759 -54.751411
 -19.575220 -57.021667
 -21.692938 -57.716908
 -20.981388 -56.516945
 -21.701944 -57.720833
 -18.988056 -56.619110
 -19.576735 -57.018906
 -19.572096 -56.153057
 -19.485006 -57.037544
sp 31 [ Adenomera diptyx ]
 -19.020000 -53.856945
 -20.506544 -54.641335
 -20.467121 -54.598392
 -20.086666 -56.615555
 -20.478329 -54.552822
 -20.500187 -54.614887
 -20.495909 -54.590321
 -19.575220 -57.021667
 -20.454742 -54.559788
 -21.701944 -57.720833
 -20.394354 -54.589424
 -19.240833 -57.622223
 -19.022219 -57.510620
 -20.510641 -54.615520
 -19.009199 -57.653301
sp 32 [ Physalaemus centralis ]
 -20.751101 -51.678299
 -20.395555 -51.394165
 -21.801901 -54.546398
 -21.456892 -56.440327
 -20.367201 -51.418900
 -19.804106 -54.905621
 -22.078899 -54.789398
 -20.454742 -54.559788
 -20.414347 -54.615471
 -21.121099 -56.481899
 -20.442801 -54.646400
 -20.442200 -54.860298
 -19.427500 -54.618610
 -20.471100 -55.787201
sp 33 [ Dendropsophus elianeae ]
 -22.233299 -53.343102
 -20.131901 -56.694401
 -19.831699 -54.829399
 -21.121099 -56.481899
 -18.989079 -56.621944
 -19.790833 -54.931110
 -20.158222 -55.066944
 -19.020000 -53.856945
 -20.982435 -56.516178
 -20.759262 -54.876671
 -20.365000 -52.576668
 -20.367201 -51.418900
 -20.389090 -51.404739
 -19.636667 -54.560833
sp 34 [ Pseudopaludicola ameghini ]
 -19.009583 -53.152721
 -19.020000 -53.856945
 -20.471100 -55.787201
 -19.025000 -53.855259
 -21.135300 -55.830002
 -18.158789 -53.417671
 -19.009199 -57.653301
 -21.121099 -56.481899
 -20.389400 -51.403999
 -19.831699 -54.829399
 -19.531401 -54.043900
 -19.568722 -51.880669
 -18.985332 -53.165749
sp 35 [ Trachycephalus venulosus ]
 -20.131901 -56.694401
 -20.240601 -56.378300
 -21.701944 -57.720833
 -20.483601 -55.806900
 -21.698900 -57.882500
 -18.794201 -52.622799
 -19.577057 -57.019169
 -19.049999 -56.783333
 -20.538601 -56.715000
 -20.086666 -56.615555
 -20.471100 -55.787201
 -19.427500 -54.618610
 -19.009199 -57.653301
sp 36 [ Pseudopaludicola mystacalis ]
 -20.751101 -51.678299
 -21.633301 -55.150002
 -19.009199 -57.653301
 -19.837084 -51.554722
 -20.367201 -51.418900
 -22.328556 -54.732639
 -21.457800 -56.114201
 -20.759262 -54.876671
 -20.442801 -54.646400
 -20.772684 -51.715767
 -19.790833 -54.931110
 -18.543900 -53.129200
sp 37 [ Elachistocleis bicolor ]
 -20.751101 -51.678299
 -20.131901 -56.694401
 -20.471100 -55.787201
 -19.049999 -56.783333
 -22.078899 -54.789398
 -21.465799 -54.383900
 -20.086666 -56.615555
 -20.367201 -51.418900
 -21.701944 -57.720833
 -22.921766 -53.657093
 -22.634199 -54.822201
 -19.009199 -57.653301
sp 38 [ Leptodactylus syphax ]
 -20.506544 -54.641335
 -20.455139 -55.498409
 -20.981388 -56.516945
 -19.801666 -54.939999
 -20.996000 -56.514999
 -20.442801 -54.646400
 -20.450832 -55.621944
 -19.804106 -54.905621
 -19.831699 -54.829399
 -19.001200 -57.653198
 -19.009199 -57.653301
sp 39 [ Ameerega picta ]
 -19.009445 -57.653057
 -20.982435 -56.516178
 -20.981388 -56.516945
 -20.982676 -56.516247
 -20.538601 -56.715000
 -20.996000 -56.514999
 -20.609547 -56.867046
 -21.121099 -56.481899
 -19.009199 -57.653301
sp 40 [ Phyllomedusa sauvagii ]
 -19.009445 -57.653057
 -19.240833 -57.622223
 -21.116793 -56.517567
 -21.121099 -56.481899
 -20.968508 -56.521065
 -20.996000 -56.514999
 -20.538601 -56.715000
 -21.681299 -57.717999
 -19.001200 -57.653198
 -19.009199 -57.653301
sp 41 [ Rhinella major ]
 -20.200001 -56.516701
 -21.121099 -56.481899
 -19.240833 -57.622223
 -18.988056 -56.618889
 -21.698900 -57.882500
 -21.692938 -57.716908
 -20.086666 -56.615555
 -21.701944 -57.720833
 -20.471100 -55.787201
 -19.009199 -57.653301
sp 42 [ Dendropsophus jimi ]
 -20.538055 -54.753056
 -22.233299 -53.343102
 -19.020000 -53.856945
 -19.282499 -54.588612
 -22.921766 -53.657093
 -21.480301 -56.138100
 -20.538759 -54.751411
 -20.538055 -54.751667
 -20.537701 -54.754280
 -20.537500 -54.754723
sp 43 [ Rhinella schneideri ]
 -21.121099 -56.481899
 -20.131901 -56.694401
 -20.200001 -56.516701
 -19.616699 -57.450001
 -20.813499 -56.440102
 -21.127501 -56.476002
 -21.128700 -56.483501
 -19.485006 -57.037544
 -19.009199 -57.653301
sp 44 [ Chiasmocleis albopunctata ]
 -18.918100 -54.844200
 -20.395555 -51.394165
 -20.981388 -56.516945
 -21.701944 -57.720833
 -20.389400 -51.403999
 -19.240833 -57.622223
 -20.538055 -54.751667
 -18.090555 -57.474724
 -19.009199 -57.653301
sp 45 [ Boana geographica ]
 -19.025667 -53.859554
 -19.025000 -53.855251
 -19.020000 -53.856945
 -19.013056 -53.858612
 -19.025000 -53.855259
 -18.158789 -53.417671
 -19.013617 -53.858856
sp 46 [ Leptodactylus latrans ]
 -20.357222 -51.411667
 -19.801666 -54.939999
 -19.576735 -57.018906
 -20.538759 -54.751411
 -19.559639 -51.895473
 -19.022219 -57.510620
 -22.634199 -54.822201
 -19.009199 -57.653301
sp 47 [ Pseudis paradoxa ]
 -20.751101 -51.678299
 -20.359272 -55.769039
 -19.009445 -57.653057
 -20.131901 -56.694401
 -20.367201 -51.418900
 -19.010000 -57.653610
 -22.634199 -54.822201
 -19.009199 -57.653301
sp 48 [ Boana caingua ]
 -22.153299 -53.771099
 -22.282223 -55.118610
 -23.520832 -55.124168
 -23.138332 -45.195557
 -21.464443 -54.382500
 -21.841944 -54.073055
 -22.458889 -54.368332
 -22.994167 -54.931946
sp 49 [ Pseudopaludicola motorzinho ]
 -21.709951 -57.720917
 -18.988056 -56.618889
 -21.692938 -57.716908
 -20.086666 -56.615555
 -20.537500 -54.754723
 -20.471100 -55.787201
 -21.701944 -57.720833
 -20.538759 -54.751411
sp 50 [ Leptodactylus furnarius ]
 -20.538055 -54.753056
 -19.025000 -53.855259
 -23.138332 -45.195557
 -18.989079 -56.621944
 -20.538759 -54.751411
 -20.442801 -54.646400
 -20.538055 -54.751667
 -19.020000 -53.856945
sp 51 [ Melanophryniscus klappenbachi ]
 -21.554445 -57.781113
 -21.554445 -57.780834
 -21.527222 -57.832222
 -21.683201 -57.778259
 -21.701944 -57.720833
 -22.087311 -57.831532
 -21.121099 -56.481899
sp 52 [ Ameerega berohoka ]
 -18.918100 -54.844200
 -20.471111 -55.786945
 -20.457222 -55.616940
 -19.804106 -54.905621
 -19.801666 -54.939999
 -20.450832 -55.621944
 -19.465349 -54.986420
sp 53 [ Rhinella bergi ]
 -19.576735 -57.018906
 -19.831699 -54.829399
 -21.701944 -57.720833
 -21.606489 -57.816303
 -21.709951 -57.720917
 -19.009199 -57.653301
 -20.086666 -56.615555
sp 54 [ Scinax constrictus ]
 -19.801666 -54.939999
 -21.606489 -57.816303
 -19.004700 -57.601700
 -20.455139 -55.498409
 -19.022219 -57.510620
 -19.009199 -57.653301
sp 55 [ Phyllomedusa azurea ]
 -20.131901 -56.694401
 -21.802500 -54.542301
 -19.001200 -57.653198
 -22.634199 -54.822201
 -19.009199 -57.653301
sp 56 [ Leptodactylus mystaceus ]
 -20.359272 -55.769039
 -20.395555 -51.394165
 -20.389090 -51.404739
 -21.136972 -56.724556
 -21.136499 -56.724445
sp 57 [ Leptodactylus bolivianus ]
 -19.677000 -51.189999
 -21.802500 -54.542301
 -19.001200 -57.653198
 -20.370100 -52.929100
 -20.976900 -52.086498
sp 58 [ Dendropsophus sanborni ]
 -20.365000 -52.576668
 -20.981388 -56.516945
 -21.465799 -54.383900
 -22.921766 -53.657093
 -20.931900 -54.961399
sp 59 [ Hypsiboas albopunctatus ]
 -20.813499 -56.440102
 -18.543900 -53.129200
 -20.370100 -52.929100
 -20.976900 -52.086498
 -22.634199 -54.822201
sp 60 [ Pseudis limellum ]
 -19.573500 -57.036800
 -19.010000 -57.653610
 -19.485006 -57.037544
 -19.009199 -57.653301
sp 61 [ Physalaemus marmoratus ]
 -20.471111 -55.786945
 -20.443333 -53.759167
 -21.465799 -54.383900
 -19.009199 -57.653301
sp 62 [ Dendropsophus melanargyreus ]
 -19.009445 -57.653057
 -19.240833 -57.622223
 -19.001200 -57.653198
 -19.009199 -57.653301
sp 63 [ Dendropsophus rubicundulus ]
 -20.751101 -51.678299
 -18.918100 -54.844200
 -20.443333 -53.759167
 -20.471100 -55.787201
sp 64 [ Rhinella azarai ]
 -21.633301 -55.150002
 -21.898640 -54.029526
 -20.538601 -56.715000
 -20.538759 -54.751411
sp 65 [ Elachistocleis ovalis ]
 -19.616699 -57.450001
 -18.090555 -57.474724
 -19.009199 -57.653301
sp 66 [ Pseudopaludicola saltica ]
 -19.531401 -54.043900
 -19.020000 -53.856945
 -18.090555 -57.474724
 -18.543900 -53.129200
sp 67 [ Odontophrynus americanus ]
 -20.996000 -56.514999
 -22.328556 -54.732639
 -21.045694 -56.609001
 -22.634199 -54.822201
sp 68 [ Adenomera hylaedactyla ]
 -18.506701 -54.759998
 -20.131901 -56.694401
 -20.471100 -55.787201
 -20.442801 -54.646400
sp 69 [ Melanophryniscus fulvoguttatus ]
 -21.138056 -56.591946
 -22.014166 -57.024166
 -21.457800 -56.114201
sp 70 [ Eupemphix nattereri ]
 -20.200001 -56.516701
 -22.634199 -54.822201
 -19.009199 -57.653301
sp 71 [ Chiasmocleis mehelyi ]
 -20.131901 -56.694401
 -19.240833 -57.622223
 -20.367201 -51.418900
sp 72 [ Hypsiboas punctatus ]
 -21.127501 -56.476002
 -22.634199 -54.822201
 -19.009199 -57.653301
sp 73 [ Rhinella granulosa ]
 -19.022219 -57.510620
 -19.010000 -57.653610
 -19.009199 -57.653301
sp 74 [ Siphonops paulensis ]
 -19.976667 -53.271667
 -19.009199 -57.653301
sp 75 [ Rhinella ocellata ]
 -20.240601 -56.378300
 -19.531401 -54.043900
sp 76 [ Scinax x-signatus ]
 -20.990000 -51.836945
 -22.221100 -54.805599
sp 77 [ Elachistocleis corumbaensis ]
 -19.221666 -57.626667
 -19.266666 -57.633331
sp 78 [ Odontophrynus lavillai ]
 -21.698900 -57.882500
 -21.701944 -57.720833
sp 79 [ Lepidobatrachus asper ]
 -21.688057 -57.720554
 -21.690277 -57.721111
sp 80 [ Scinax squalirostris ]
 -23.786900 -54.283600
 -22.921766 -53.657093
sp 81 [ Adenomera marmorata ]
 -19.234156 -57.575005
 -19.001200 -57.653198
sp 82 [ Dendropsophus walfordi ]
 -21.127501 -56.476002
 -21.128700 -56.483501
sp 83 [ Ceratophrys cranwelli ]
 -21.658890 -57.726391
 -21.701944 -57.720833
sp 84 [ Bufo paracnemis ]
 -19.016670 -57.650002
sp 85 [ Scinax scinax nasicus ]
 -19.920322 -57.792179
sp 86 [ Scinax ruber gr. ]
 -22.634199 -54.822201
sp 87 [ Scinax scinax sp. ]
 -19.920286 -57.792248
sp 88 [ Boana lundii ]
 -19.837084 -51.554722
sp 89 [ Rhinella rubescens ]
 -22.096111 -55.424442
sp 90 [ Scinax nebulosus ]
 -18.090555 -57.474724
sp 91 [ Rhinella margaritifera ]
 -21.121099 -56.481899
sp 92 [ Pithecopus rohdei ]
 -20.442801 -54.646400
sp 93 [ Leptodactylus leptodactylus podicipinus ]
 -19.576704 -57.019089
sp 94 [ Hyla megapodia ]
 -19.016670 -57.650002
sp 95 [ Haddadus binotatus ]
 -18.806801 -57.578800
sp 96 [ Leptodactylus ocellatus ]
 -19.016701 -57.650002
sp 97 [ Leptodactylus sertanejo ]
 -20.537701 -54.754280
sp 98 [ Leptodactylus gracilis ]
 -20.931900 -54.961399
sp 99 [ Hyla nana nana ]
 -19.016670 -57.650002
sp 100 [ Hypsiboas hypsiboas raniceps ]
 -19.920322 -57.792179
sp 101 [ Hypsiboas hypsiboas punctatus ]
 -19.920322 -57.792179
sp 102 [ Hypsiboas caingua ]
 -22.634199 -54.822201
sp 103 [ Leptodactylus cunicularius ]
 -19.009199 -57.653301
sp 104 [ Epipedobates pictus ]
 -19.216700 -57.549999
sp 105 [ Melanophryniscus stelzneri ]
 -21.633301 -55.150002
sp 106 [ Dendropsophus cerradensis ]
 -20.443333 -53.759167
sp 107 [ Pseudis pseudis paradoxa ]
 -19.920286 -57.792248
sp 108 [ Pseudis pseudis platensis ]
 -20.288923 -51.732761
sp 109 [ Pseudopaludicola boliviana ]
 -20.131901 -56.694401
sp 110 [ Pseudis minuta ]
 -19.009445 -57.653057
sp 111 [ Proceratophrys dibernardoi ]
 -20.394354 -54.589424
sp 112 [ Ololygon berthae ]
 -23.786900 -54.283600
sp 113 [ Phyllomedusa boliviana ]
 -19.009199 -57.653301
sp 114 [ Physalaemus gracilis ]
 -20.359272 -55.769039
sp 115 [ Pristimantis ventrigranulosus ]
 -18.158789 -53.417671
sp 116 [ Pseudopaludicola falcipes ]
 -22.113800 -56.527802

------------------------------------------------
INFORMATION ON ENDEMIC SPECIES
------------------------------------------------

Sp. 0 Leptodactylus chaquensis (91 records)
Endemic for 0 sets (set/score):

Sp. 1 Dendropsophus nanus (78 records)
Endemic for 0 sets (set/score):

Sp. 2 Scinax nasicus (75 records)
Endemic for 0 sets (set/score):

Sp. 3 Leptodactylus podicipinus (74 records)
Endemic for 0 sets (set/score):

Sp. 4 Leptodactylus fuscus (63 records)
Endemic for 0 sets (set/score):

Sp. 5 Physalaemus albonotatus (60 records)
Endemic for 0 sets (set/score):

Sp. 6 Pithecopus azureus (59 records)
Endemic for 0 sets (set/score):

Sp. 7 Boana raniceps (55 records)
Endemic for 0 sets (set/score):

Sp. 8 Dendropsophus minutus (42 records)
Endemic for 0 sets (set/score):

Sp. 9 Scinax acuminatus (53 records)
Endemic for 0 sets (set/score):

Sp. 10 Scinax fuscovarius (49 records)
Endemic for 0 sets (set/score):

Sp. 11 Physalaemus biligonigerus (49 records)
Endemic for 0 sets (set/score):

Sp. 12 Pseudis platensis (48 records)
Endemic for 0 sets (set/score):

Sp. 13 Rhinella diptycha (47 records)
Endemic for 0 sets (set/score):

Sp. 14 Scinax similis (43 records)
Endemic for 0 sets (set/score):

Sp. 15 Physalaemus cuvieri (40 records)
Endemic for 0 sets (set/score):

Sp. 16 Hypsiboas raniceps (38 records)
Endemic for 0 sets (set/score):

Sp. 17 Trachycephalus typhonius (36 records)
Endemic for 0 sets (set/score):

Sp. 18 Physalaemus nattereri (31 records)
Endemic for 0 sets (set/score):

Sp. 19 Boana punctata (28 records)
Endemic for 0 sets (set/score):

Sp. 20 Scinax fuscomarginatus (24 records)
Endemic for 0 sets (set/score):

Sp. 21 Lysapsus limellum (24 records)
Endemic for 0 sets (set/score):

Sp. 22 Leptodactylus elenae (21 records)
Endemic for 0 sets (set/score):

Sp. 23 Rhinella scitula (19 records)
Endemic for 0 sets (set/score):

Sp. 24 Elachistocleis cesarii (19 records)
Endemic for 0 sets (set/score):

Sp. 25 Dermatonotus muelleri (17 records)
Endemic for 0 sets (set/score):

Sp. 26 Leptodactylus bufonius (18 records)
Endemic for 0 sets (set/score):

Sp. 27 Boana albopunctata (17 records)
Endemic for 0 sets (set/score):

Sp. 28 Leptodactylus labyrinthicus (16 records)
Endemic for 0 sets (set/score):

Sp. 29 Leptodactylus mystacinus (15 records)
Endemic for 0 sets (set/score):

Sp. 30 Elachistocleis matogrosso (15 records)
Endemic for 0 sets (set/score):

Sp. 31 Adenomera diptyx (15 records)
Endemic for 0 sets (set/score):

Sp. 32 Physalaemus centralis (14 records)
Endemic for 0 sets (set/score):

Sp. 33 Dendropsophus elianeae (14 records)
Endemic for 0 sets (set/score):

Sp. 34 Pseudopaludicola ameghini (13 records)
Endemic for 0 sets (set/score):

Sp. 35 Trachycephalus venulosus (13 records)
Endemic for 0 sets (set/score):

Sp. 36 Pseudopaludicola mystacalis (12 records)
Endemic for 0 sets (set/score):

Sp. 37 Elachistocleis bicolor (12 records)
Endemic for 0 sets (set/score):

Sp. 38 Leptodactylus syphax (11 records)
Endemic for 0 sets (set/score):

Sp. 39 Ameerega picta (9 records)
Endemic for 0 sets (set/score):

Sp. 40 Phyllomedusa sauvagii (10 records)
Endemic for 0 sets (set/score):

Sp. 41 Rhinella major (10 records)
Endemic for 0 sets (set/score):

Sp. 42 Dendropsophus jimi (10 records)
Endemic for 0 sets (set/score):

Sp. 43 Rhinella schneideri (9 records)
Endemic for 0 sets (set/score):

Sp. 44 Chiasmocleis albopunctata (9 records)
Endemic for 0 sets (set/score):

Sp. 45 Boana geographica (7 records)
Endemic for 0 sets (set/score):

Sp. 46 Leptodactylus latrans (8 records)
Endemic for 0 sets (set/score):

Sp. 47 Pseudis paradoxa (8 records)
Endemic for 0 sets (set/score):

Sp. 48 Boana caingua (8 records)
Endemic for 0 sets (set/score):

Sp. 49 Pseudopaludicola motorzinho (8 records)
Endemic for 0 sets (set/score):

Sp. 50 Leptodactylus furnarius (8 records)
Endemic for 0 sets (set/score):

Sp. 51 Melanophryniscus klappenbachi (7 records)
Endemic for 0 sets (set/score):

Sp. 52 Ameerega berohoka (7 records)
Endemic for 0 sets (set/score):

Sp. 53 Rhinella bergi (7 records)
Endemic for 0 sets (set/score):

Sp. 54 Scinax constrictus (6 records)
Endemic for 0 sets (set/score):

Sp. 55 Phyllomedusa azurea (5 records)
Endemic for 0 sets (set/score):

Sp. 56 Leptodactylus mystaceus (5 records)
Endemic for 0 sets (set/score):

Sp. 57 Leptodactylus bolivianus (5 records)
Endemic for 0 sets (set/score):

Sp. 58 Dendropsophus sanborni (5 records)
Endemic for 0 sets (set/score):

Sp. 59 Hypsiboas albopunctatus (5 records)
Endemic for 0 sets (set/score):

Sp. 60 Pseudis limellum (4 records)
Endemic for 0 sets (set/score):

Sp. 61 Physalaemus marmoratus (4 records)
Endemic for 0 sets (set/score):

Sp. 62 Dendropsophus melanargyreus (4 records)
Endemic for 1 sets (set/score):
      0: 1.000000

Sp. 63 Dendropsophus rubicundulus (4 records)
Endemic for 0 sets (set/score):

Sp. 64 Rhinella azarai (4 records)
Endemic for 0 sets (set/score):

Sp. 65 Elachistocleis ovalis (3 records)
Endemic for 0 sets (set/score):

Sp. 66 Pseudopaludicola saltica (4 records)
Endemic for 0 sets (set/score):

Sp. 67 Odontophrynus americanus (4 records)
Endemic for 0 sets (set/score):

Sp. 68 Adenomera hylaedactyla (4 records)
Endemic for 0 sets (set/score):

Sp. 69 Melanophryniscus fulvoguttatus (3 records)
Endemic for 0 sets (set/score):

Sp. 70 Eupemphix nattereri (3 records)
Endemic for 0 sets (set/score):

Sp. 71 Chiasmocleis mehelyi (3 records)
Endemic for 0 sets (set/score):

Sp. 72 Hypsiboas punctatus (3 records)
Endemic for 0 sets (set/score):

Sp. 73 Rhinella granulosa (3 records)
Endemic for 0 sets (set/score):

Sp. 74 Siphonops paulensis (2 records)
Endemic for 0 sets (set/score):

Sp. 75 Rhinella ocellata (2 records)
Endemic for 0 sets (set/score):

Sp. 76 Scinax x-signatus (2 records)
Endemic for 0 sets (set/score):

Sp. 77 Elachistocleis corumbaensis (2 records)
Endemic for 0 sets (set/score):

Sp. 78 Odontophrynus lavillai (2 records)
Endemic for 0 sets (set/score):

Sp. 79 Lepidobatrachus asper (2 records)
Endemic for 0 sets (set/score):

Sp. 80 Scinax squalirostris (2 records)
Endemic for 0 sets (set/score):

Sp. 81 Adenomera marmorata (2 records)
Endemic for 1 sets (set/score):
      0: 1.000000

Sp. 82 Dendropsophus walfordi (2 records)
Endemic for 0 sets (set/score):

Sp. 83 Ceratophrys cranwelli (2 records)
Endemic for 0 sets (set/score):

Sp. 84 Bufo paracnemis (1 records)
Endemic for 0 sets (set/score):

Sp. 85 Scinax scinax nasicus (1 records)
Endemic for 0 sets (set/score):

Sp. 86 Scinax ruber gr. (1 records)
Endemic for 0 sets (set/score):

Sp. 87 Scinax scinax sp. (1 records)
Endemic for 0 sets (set/score):

Sp. 88 Boana lundii (1 records)
Endemic for 0 sets (set/score):

Sp. 89 Rhinella rubescens (1 records)
Endemic for 0 sets (set/score):

Sp. 90 Scinax nebulosus (1 records)
Endemic for 0 sets (set/score):

Sp. 91 Rhinella margaritifera (1 records)
Endemic for 0 sets (set/score):

Sp. 92 Pithecopus rohdei (1 records)
Endemic for 0 sets (set/score):

Sp. 93 Leptodactylus leptodactylus podicipinus (1 records)
Endemic for 0 sets (set/score):

Sp. 94 Hyla megapodia (1 records)
Endemic for 0 sets (set/score):

Sp. 95 Haddadus binotatus (1 records)
Endemic for 0 sets (set/score):

Sp. 96 Leptodactylus ocellatus (1 records)
Endemic for 0 sets (set/score):

Sp. 97 Leptodactylus sertanejo (1 records)
Endemic for 0 sets (set/score):

Sp. 98 Leptodactylus gracilis (1 records)
Endemic for 0 sets (set/score):

Sp. 99 Hyla nana nana (1 records)
Endemic for 0 sets (set/score):

Sp. 100 Hypsiboas hypsiboas raniceps (1 records)
Endemic for 0 sets (set/score):

Sp. 101 Hypsiboas hypsiboas punctatus (1 records)
Endemic for 0 sets (set/score):

Sp. 102 Hypsiboas caingua (1 records)
Endemic for 0 sets (set/score):

Sp. 103 Leptodactylus cunicularius (1 records)
Endemic for 0 sets (set/score):

Sp. 104 Epipedobates pictus (1 records)
Endemic for 0 sets (set/score):

Sp. 105 Melanophryniscus stelzneri (1 records)
Endemic for 0 sets (set/score):

Sp. 106 Dendropsophus cerradensis (1 records)
Endemic for 0 sets (set/score):

Sp. 107 Pseudis pseudis paradoxa (1 records)
Endemic for 0 sets (set/score):

Sp. 108 Pseudis pseudis platensis (1 records)
Endemic for 0 sets (set/score):

Sp. 109 Pseudopaludicola boliviana (1 records)
Endemic for 0 sets (set/score):

Sp. 110 Pseudis minuta (1 records)
Endemic for 0 sets (set/score):

Sp. 111 Proceratophrys dibernardoi (1 records)
Endemic for 0 sets (set/score):

Sp. 112 Ololygon berthae (1 records)
Endemic for 0 sets (set/score):

Sp. 113 Phyllomedusa boliviana (1 records)
Endemic for 0 sets (set/score):

Sp. 114 Physalaemus gracilis (1 records)
Endemic for 0 sets (set/score):

Sp. 115 Pristimantis ventrigranulosus (1 records)
Endemic for 0 sets (set/score):

Sp. 116 Pseudopaludicola falcipes (1 records)
Endemic for 0 sets (set/score):

------------------------------------------------
INFORMATION ON AREAS
------------------------------------------------

SET NR. 0, size 2, score 2.000000
0 scoring spp. (sp/score):
    62 Dendropsophus melanargyreus: 1.000000
    81 Adenomera marmorata: 1.000000

------------------------------------------------
INFORMATION ON AREAS
------------------------------------------------

SET NR. 0, size 2, score 2.000000
0 scoring spp. (sp/score):
    62 Dendropsophus melanargyreus: 1.000000
    81 Adenomera marmorata: 1.000000

------------------------------------------------
PARTIAL OVERLAPS BETWEEN CONSENSUS AREAS
------------------------------------------------

Consensus Area 0 (2 cells):
   none

------------------------------------------------
INFORMATION ON DATA
------------------------------------------------

Read records for 117 species (1627 unique points total)

TOTAL RECORDS/CELL (31 ROWS x 44 COLS):
row\col     0      1      2      3      4      5      6      7      8      9     10     11     12     13     14     15     16     17     18     19     20     21     22     23     24     25     26     27     28     29     30     31     32     33     34     35     36     37     38     39     40     41     42     43 
 0          0      0      0      0      0      0      0      0      0      0      0      0      0      0      0      0      0      0      0      0      0      0      0      0      0      0      0      0      0      0      0      0      0      0      0      0      0      0      0      0      0      0      0      0 
 1          0      0      0      0      0      0      0      0      0      0      0      0      0      0      0      0      0      0      0      0      0      0      0      0      0      0      0      0      0      0      0      0      0      0      0      0      0      0      0      0      0      0      0      0 
 2          0      0      0      0      0      0      0      0      0      0      0      0      0      0      0      0      0      0      0      0      0      0      0      0      0      0      0      0      0      0      0      0      0      0      0      0      0      0      0      0      0      0      0      0 
 3          0      1      0      0      0      0      0      0      0      0      0      0      0      0      0      0      0      0      0      0      0      0      0      0      0      0      0      0      0      0      0      0      0      0      0      0      0      0      0      0      0      0      0      0 
 4          0      0      0      0      0      0      0      0      0      0      0      0      0      0      0      0      0      0      0      0      0      0      0      0      0      0      0      0      0      0      0      0      0      0      0      0      0      0      0      0      0      0      0      0 
 5          0      0      0      0      0      0      0      0      0      0      0      0      0      0      0      0      0      0      0      0      0      0      0      0      0      0      0      0      0      0      0      0      0      0      0      0      0      0      0      0      0      0      0      0 
 6          0      0      0      0      0      0      0      0      0      0      0      0      0      0      0      0      0      0      0      0      0      0      0      0      0      0      0      0      0      0      0      0      0      0      0      0      0      0      0      0      0      0      0      0 
 7          0      0      0      0      0      0      0      0      0      0      0      0      0      0      0      0      0      0      0      0      0      0      0      0      0      0      0      0      0      0      0      0      0      0      0      0      0      0      0      0      0      0      0      0 
 8          0      0      0      0      0      0      0      0      0      0      0      0      0      0      0      0      0      0      0      0      0      0      0      0      0      0      0      0      0      0      0      0      0      0      0      0      0      0      0      0      0      0      0      0 
 9          0      0      0      0      0      0      0      0      0      0      0      0      0      0      0      0      0      0      0      0      0      0      0      0      0      0      0      0      0      0      0      0      0      0      0      0      0      0      0      0      0      0      0      0 
 10         0     16      0      0      0      0      0      0      0      0      0      0      0      0      0      9      0      0      0      0      0      0      0      0      0      0      0      0      0      0      0      0      0      0      0      0      0      0      0      0      0      0      0      0 
 11         0      0      0      0      0      7      0      0      0      0      2      0      0      0      0      0     16      0      0      0      0      0      0      0      0      0      0      0      0      0      0      0      0      0      0      0      0      0      0      0      0      0      0      0 
 12         0      1      0      0      0      0      0      0      0      0      0      1      0      0      0      0      0      1      0      0      0      0      0      0      0      0      0      0      0      0      0      0      0      0      0      0      0      0      0      0      0      0      0      0 
 13         0    118      0      0     43      2      0      0      0      0      6      1      0     22      0      0      6      0      0      0      2      0      0      0      0      0      0      0      0      0      0      0      0      0      0      0      0      0      0      0      0      0      0      0 
 14         0     34      1     89      6      0      0      0      0      0     10      8      0      0      0      0      0      2      0      0      0      0      0      0      0      0      0      0      0      0      0      0      0      0      0      0      0      0      0      0      0      0      0      0 
 15         0      9      0     91      0      0    123      0      0      0      7     11      0     14      0      0      0      0      0      0      8      0      4      0      0      0      0      0      0      0      0      0      0      0      0      0      0      0      0      0      0      0      0      0 
 16         5      0      0      0     21      0      0      0      0      0     42      0      0      0      0      1      0      0      0      0      0      3      0      0      0      0      0      0      0      0      0      0      0      0      0      0      0      0      0      0      0      0      0      0 
 17         0      0      0      0     31      7      0     12      0      4      0      8      2      0      0      0      2      0      4      0      1     30     17      0      0      0      0      0      0      0      0      0      0      0      0      0      0      0      0      0      0      0      0      0 
 18         0      0      0      2     19      0      0     51      8      1     74     74      0      0     11      0      0      1      0      0      0      0      0      0      0      0      0      0      0      0      0      0      0      0      0      0      0      0      0      0      0      0      0      0 
 19         0      0      0      0     61      5      0      0      0      0     26      0      0      0      0      0      0      0      0      4      7     14      0      0      0      0      0      0      0      0      0      0      0      0      0      0      0      0      0      0      0      0      0      0 
 20         0      0      0      1     25     36      0      9      0      0      0      0      0      0      0      0      0      0      0      0      0      0      0      0      0      0      0      0      0      0      0      0      0      0      0      0      0      0      0      0      0      0      0      0 
 21         3      0      0      0      0      2      9      0      0      0      0      0     19      0      0      0      0      0      0      0      0      0      0      0      0      0      0      0      0      0      0      0      0      0      0      0      0      0      0      0      0      0      0      0 
 22       191      7      0      0      0      0      0      0      0      6      0     18      0      2      0      0      0      0      0      6      0      0      0      0      0      0      0      0      0      0      0      0      0      0      0      0      0      0      0      0      0      0      0      0 
 23         1      0      0      1      2      0      0      0      1      0     11      0      0      0      1      0      0      0      0      0      0      0      0      0      0      0      0      0      0      0      0      0      0      0      0      0      0      0      0      0      0      0      0      0 
 24         0      0      0      0      0      0      0      0      0      1     10      0      1      0      0      4      0      0      0      0      0      0      0      0      0      0      0      0      0      0      0      0      0      0      0      0      0      0      0      0      0      0      0      0 
 25         0      0      0      0      0      0      0      0      0      0     16      0      0      0      0      0      0      0      0      0      0      0      0      0      0      0      0      0      0      0      0      0      0      0      0      0      0      0      0      0      0      0      0      0 
 26         0      0      0      0      0      0      0      0      0      0      2      0      0      0     18      0      0      0      0      0      0      0      0      0      0      0      0      0      0      0      0      0      0      0      0      0      0      0      0      0      0      0      0      0 
 27         0      0      0      0      0      0      0      0      0      0      0      0      0      0      0      0      0      0      0      0      0      0      0      0      0      0      0      0      0      0      0      0      0      0      0      0      0      0      0      0      0      0      2      0 
 28         0      0      0      0      0      0      0      0      0      1      0      0      0      0      0      0      0      0      0      0      0      0      0      0      0      0      0      0      0      0      0      0      0      0      0      0      0      0      0      0      0      0      0      0 
 29         0      0      0      0      0      0      0      0      0      0      0      0      2      0      0      0      0      0      0      0      0      0      0      0      0      0      0      0      0      0      0      0      0      0      0      0      0      0      0      0      0      0      0      0 
 30         0      0      0      0      0      0      0      0      0      0      0      0      0      0      0      0      0      0      0      0      0      0      0      0      0      0      0      0      0      0      0      0      0      0      0      0      0      0      0      0      0      0      0      0 

NUMBER OF SPECIES/CELL (31 ROWS x 44 COLS):
row\col     0      1      2      3      4      5      6      7      8      9     10     11     12     13     14     15     16     17     18     19     20     21     22     23     24     25     26     27     28     29     30     31     32     33     34     35     36     37     38     39     40     41     42     43 
 0          0      0      0      0      0      0      0      0      0      0      0      0      0      0      0      0      0      0      0      0      0      0      0      0      0      0      0      0      0      0      0      0      0      0      0      0      0      0      0      0      0      0      0      0 
 1          0      0      0      0      0      0      0      0      0      0      0      0      0      0      0      0      0      0      0      0      0      0      0      0      0      0      0      0      0      0      0      0      0      0      0      0      0      0      0      0      0      0      0      0 
 2          0      0      0      0      0      0      0      0      0      0      0      0      0      0      0      0      0      0      0      0      0      0      0      0      0      0      0      0      0      0      0      0      0      0      0      0      0      0      0      0      0      0      0      0 
 3          0      1      0      0      0      0      0      0      0      0      0      0      0      0      0      0      0      0      0      0      0      0      0      0      0      0      0      0      0      0      0      0      0      0      0      0      0      0      0      0      0      0      0      0 
 4          0      0      0      0      0      0      0      0      0      0      0      0      0      0      0      0      0      0      0      0      0      0      0      0      0      0      0      0      0      0      0      0      0      0      0      0      0      0      0      0      0      0      0      0 
 5          0      0      0      0      0      0      0      0      0      0      0      0      0      0      0      0      0      0      0      0      0      0      0      0      0      0      0      0      0      0      0      0      0      0      0      0      0      0      0      0      0      0      0      0 
 6          0      0      0      0      0      0      0      0      0      0      0      0      0      0      0      0      0      0      0      0      0      0      0      0      0      0      0      0      0      0      0      0      0      0      0      0      0      0      0      0      0      0      0      0 
 7          0      0      0      0      0      0      0      0      0      0      0      0      0      0      0      0      0      0      0      0      0      0      0      0      0      0      0      0      0      0      0      0      0      0      0      0      0      0      0      0      0      0      0      0 
 8          0      0      0      0      0      0      0      0      0      0      0      0      0      0      0      0      0      0      0      0      0      0      0      0      0      0      0      0      0      0      0      0      0      0      0      0      0      0      0      0      0      0      0      0 
 9          0      0      0      0      0      0      0      0      0      0      0      0      0      0      0      0      0      0      0      0      0      0      0      0      0      0      0      0      0      0      0      0      0      0      0      0      0      0      0      0      0      0      0      0 
 10         0     16      0      0      0      0      0      0      0      0      0      0      0      0      0      9      0      0      0      0      0      0      0      0      0      0      0      0      0      0      0      0      0      0      0      0      0      0      0      0      0      0      0      0 
 11         0      0      0      0      0      5      0      0      0      0      2      0      0      0      0      0     16      0      0      0      0      0      0      0      0      0      0      0      0      0      0      0      0      0      0      0      0      0      0      0      0      0      0      0 
 12         0      1      0      0      0      0      0      0      0      0      0      1      0      0      0      0      0      1      0      0      0      0      0      0      0      0      0      0      0      0      0      0      0      0      0      0      0      0      0      0      0      0      0      0 
 13         0     61      0      0     20      1      0      0      0      0      6      1      0     14      0      0      4      0      0      0      2      0      0      0      0      0      0      0      0      0      0      0      0      0      0      0      0      0      0      0      0      0      0      0 
 14         0     28      1     18      5      0      0      0      0      0      8      7      0      0      0      0      0      2      0      0      0      0      0      0      0      0      0      0      0      0      0      0      0      0      0      0      0      0      0      0      0      0      0      0 
 15         0      9      0     29      0      0     19      0      0      0      7     11      0     14      0      0      0      0      0      0      7      0      4      0      0      0      0      0      0      0      0      0      0      0      0      0      0      0      0      0      0      0      0      0 
 16         5      0      0      0     21      0      0      0      0      0     25      0      0      0      0      1      0      0      0      0      0      3      0      0      0      0      0      0      0      0      0      0      0      0      0      0      0      0      0      0      0      0      0      0 
 17         0      0      0      0     26      5      0     12      0      4      0      8      2      0      0      0      2      0      4      0      1     22     15      0      0      0      0      0      0      0      0      0      0      0      0      0      0      0      0      0      0      0      0      0 
 18         0      0      0      2     17      0      0     36      7      1     29     29      0      0      9      0      0      1      0      0      0      0      0      0      0      0      0      0      0      0      0      0      0      0      0      0      0      0      0      0      0      0      0      0 
 19         0      0      0      0     27      5      0      0      0      0     20      0      0      0      0      0      0      0      0      4      7     13      0      0      0      0      0      0      0      0      0      0      0      0      0      0      0      0      0      0      0      0      0      0 
 20         0      0      0      1     10     27      0      9      0      0      0      0      0      0      0      0      0      0      0      0      0      0      0      0      0      0      0      0      0      0      0      0      0      0      0      0      0      0      0      0      0      0      0      0 
 21         1      0      0      0      0      2      9      0      0      0      0      0     15      0      0      0      0      0      0      0      0      0      0      0      0      0      0      0      0      0      0      0      0      0      0      0      0      0      0      0      0      0      0      0 
 22        36      7      0      0      0      0      0      0      0      6      0     18      0      2      0      0      0      0      0      6      0      0      0      0      0      0      0      0      0      0      0      0      0      0      0      0      0      0      0      0      0      0      0      0 
 23         1      0      0      1      2      0      0      0      1      0     11      0      0      0      1      0      0      0      0      0      0      0      0      0      0      0      0      0      0      0      0      0      0      0      0      0      0      0      0      0      0      0      0      0 
 24         0      0      0      0      0      0      0      0      0      1      9      0      1      0      0      4      0      0      0      0      0      0      0      0      0      0      0      0      0      0      0      0      0      0      0      0      0      0      0      0      0      0      0      0 
 25         0      0      0      0      0      0      0      0      0      0     16      0      0      0      0      0      0      0      0      0      0      0      0      0      0      0      0      0      0      0      0      0      0      0      0      0      0      0      0      0      0      0      0      0 
 26         0      0      0      0      0      0      0      0      0      0      2      0      0      0     18      0      0      0      0      0      0      0      0      0      0      0      0      0      0      0      0      0      0      0      0      0      0      0      0      0      0      0      0      0 
 27         0      0      0      0      0      0      0      0      0      0      0      0      0      0      0      0      0      0      0      0      0      0      0      0      0      0      0      0      0      0      0      0      0      0      0      0      0      0      0      0      0      0      2      0 
 28         0      0      0      0      0      0      0      0      0      1      0      0      0      0      0      0      0      0      0      0      0      0      0      0      0      0      0      0      0      0      0      0      0      0      0      0      0      0      0      0      0      0      0      0 
 29         0      0      0      0      0      0      0      0      0      0      0      0      2      0      0      0      0      0      0      0      0      0      0      0      0      0      0      0      0      0      0      0      0      0      0      0      0      0      0      0      0      0      0      0 
 30         0      0      0      0      0      0      0      0      0      0      0      0      0      0      0      0      0      0      0      0      0      0      0      0      0      0      0      0      0      0      0      0      0      0      0      0      0      0      0      0      0      0      0      0 

NUMBER OF SPECIES/CELL, including assumed records (31 ROWS x 44 COLS):
row\col     0      1      2      3      4      5      6      7      8      9     10     11     12     13     14     15     16     17     18     19     20     21     22     23     24     25     26     27     28     29     30     31     32     33     34     35     36     37     38     39     40     41     42     43 
 0          0      0      0      0      0      0      0      0      0      0      0      0      0      0      0      0      0      0      0      0      0      0      0      0      0      0      0      0      0      0      0      0      0      0      0      0      0      0      0      0      0      0      0      0 
 1          0      0      0      0      0      0      0      0      0      0      0      0      0      0      0      0      0      0      0      0      0      0      0      0      0      0      0      0      0      0      0      0      0      0      0      0      0      0      0      0      0      0      0      0 
 2          0      0      0      0      0      0      0      0      0      0      0      0      0      0      0      0      0      0      0      0      0      0      0      0      0      0      0      0      0      0      0      0      0      0      0      0      0      0      0      0      0      0      0      0 
 3          0      1      0      0      0      0      0      0      0      0      0      0      0      0      0      0      0      0      0      0      0      0      0      0      0      0      0      0      0      0      0      0      0      0      0      0      0      0      0      0      0      0      0      0 
 4          0      0      0      0      0      0      0      0      0      0      0      0      0      0      0      0      0      0      0      0      0      0      0      0      0      0      0      0      0      0      0      0      0      0      0      0      0      0      0      0      0      0      0      0 
 5          0      0      0      0      0      0      0      0      0      0      0      0      0      0      0      0      0      0      0      0      0      0      0      0      0      0      0      0      0      0      0      0      0      0      0      0      0      0      0      0      0      0      0      0 
 6          0      0      0      0      0      0      0      0      0      0      0      0      0      0      0      0      0      0      0      0      0      0      0      0      0      0      0      0      0      0      0      0      0      0      0      0      0      0      0      0      0      0      0      0 
 7          0      0      0      0      0      0      0      0      0      0      0      0      0      0      0      0      0      0      0      0      0      0      0      0      0      0      0      0      0      0      0      0      0      0      0      0      0      0      0      0      0      0      0      0 
 8          0      0      0      0      0      0      0      0      0      0      0      0      0      0      0      0      0      0      0      0      0      0      0      0      0      0      0      0      0      0      0      0      0      0      0      0      0      0      0      0      0      0      0      0 
 9          0      0      0      0      0      0      0      0      0      0      0      0      0      0      0      0      0      0      0      0      0      0      0      0      0      0      0      0      0      0      0      0      0      0      0      0      0      0      0      0      0      0      0      0 
 10         0     16      0      0      0      0      0      0      0      0      0      0      0      0      0      9      0      0      0      0      0      0      0      0      0      0      0      0      0      0      0      0      0      0      0      0      0      0      0      0      0      0      0      0 
 11         0      0      0      0      0      5      0      0      0      0      2      0      0      0      0      0     16      0      0      0      0      0      0      0      0      0      0      0      0      0      0      0      0      0      0      0      0      0      0      0      0      0      0      0 
 12         0      1      0      0      0      0      0      0      0      0      0      1      0      0      0      0      0      1      0      0      0      0      0      0      0      0      0      0      0      0      0      0      0      0      0      0      0      0      0      0      0      0      0      0 
 13         0     61      0      0     20      1      0      0      0      0      6      1      0     14      0      0      4      0      0      0      2      0      0      0      0      0      0      0      0      0      0      0      0      0      0      0      0      0      0      0      0      0      0      0 
 14         0     28      1     18      5      0      0      0      0      0      8      7      0      0      0      0      0      2      0      0      0      0      0      0      0      0      0      0      0      0      0      0      0      0      0      0      0      0      0      0      0      0      0      0 
 15         0      9      0     29      0      0     19      0      0      0      7     11      0     14      0      0      0      0      0      0      7      0      4      0      0      0      0      0      0      0      0      0      0      0      0      0      0      0      0      0      0      0      0      0 
 16         5      0      0      0     21      0      0      0      0      0     25      0      0      0      0      1      0      0      0      0      0      3      0      0      0      0      0      0      0      0      0      0      0      0      0      0      0      0      0      0      0      0      0      0 
 17         0      0      0      0     26      5      0     12      0      4      0      8      2      0      0      0      2      0      4      0      1     22     15      0      0      0      0      0      0      0      0      0      0      0      0      0      0      0      0      0      0      0      0      0 
 18         0      0      0      2     17      0      0     36      7      1     29     29      0      0      9      0      0      1      0      0      0      0      0      0      0      0      0      0      0      0      0      0      0      0      0      0      0      0      0      0      0      0      0      0 
 19         0      0      0      0     27      5      0      0      0      0     20      0      0      0      0      0      0      0      0      4      7     13      0      0      0      0      0      0      0      0      0      0      0      0      0      0      0      0      0      0      0      0      0      0 
 20         0      0      0      1     10     27      0      9      0      0      0      0      0      0      0      0      0      0      0      0      0      0      0      0      0      0      0      0      0      0      0      0      0      0      0      0      0      0      0      0      0      0      0      0 
 21         1      0      0      0      0      2      9      0      0      0      0      0     15      0      0      0      0      0      0      0      0      0      0      0      0      0      0      0      0      0      0      0      0      0      0      0      0      0      0      0      0      0      0      0 
 22        36      7      0      0      0      0      0      0      0      6      0     18      0      2      0      0      0      0      0      6      0      0      0      0      0      0      0      0      0      0      0      0      0      0      0      0      0      0      0      0      0      0      0      0 
 23         1      0      0      1      2      0      0      0      1      0     11      0      0      0      1      0      0      0      0      0      0      0      0      0      0      0      0      0      0      0      0      0      0      0      0      0      0      0      0      0      0      0      0      0 
 24         0      0      0      0      0      0      0      0      0      1      9      0      1      0      0      4      0      0      0      0      0      0      0      0      0      0      0      0      0      0      0      0      0      0      0      0      0      0      0      0      0      0      0      0 
 25         0      0      0      0      0      0      0      0      0      0     16      0      0      0      0      0      0      0      0      0      0      0      0      0      0      0      0      0      0      0      0      0      0      0      0      0      0      0      0      0      0      0      0      0 
 26         0      0      0      0      0      0      0      0      0      0      2      0      0      0     18      0      0      0      0      0      0      0      0      0      0      0      0      0      0      0      0      0      0      0      0      0      0      0      0      0      0      0      0      0 
 27         0      0      0      0      0      0      0      0      0      0      0      0      0      0      0      0      0      0      0      0      0      0      0      0      0      0      0      0      0      0      0      0      0      0      0      0      0      0      0      0      0      0      2      0 
 28         0      0      0      0      0      0      0      0      0      1      0      0      0      0      0      0      0      0      0      0      0      0      0      0      0      0      0      0      0      0      0      0      0      0      0      0      0      0      0      0      0      0      0      0 
 29         0      0      0      0      0      0      0      0      0      0      0      0      2      0      0      0      0      0      0      0      0      0      0      0      0      0      0      0      0      0      0      0      0      0      0      0      0      0      0      0      0      0      0      0 
 30         0      0      0      0      0      0      0      0      0      0      0      0      0      0      0      0      0      0      0      0      0      0      0      0      0      0      0      0      0      0      0      0      0      0      0      0      0      0      0      0      0      0      0      0 

------------------------------------------------
INFORMATION ON AREAS
------------------------------------------------

SET NR. 0, size 2, score 2.000000
0 scoring spp. (sp/score):
    62 Dendropsophus melanargyreus: 1.000000
    81 Adenomera marmorata: 1.000000

------------------------------------------------
INFORMATION ON CONSENSUS AREAS
------------------------------------------------
With cut 100, calculated against each of the other areas, TOTAL: 1 consensus areas

Consensus area 0 (from 1 areas), 2 species give score:
    62 Dendropsophus melanargyreus (62): (1.000)
    81 Adenomera marmorata (81): (1.000)
Areas included: 
        0 


------------------------------------------------
INFORMATION ON ENDEMIC SPECIES
------------------------------------------------

Sp. 0 Leptodactylus chaquensis (91 records)
Endemic for 0 sets (set/score):

Sp. 1 Dendropsophus nanus (78 records)
Endemic for 0 sets (set/score):

Sp. 2 Scinax nasicus (75 records)
Endemic for 0 sets (set/score):

Sp. 3 Leptodactylus podicipinus (74 records)
Endemic for 0 sets (set/score):

Sp. 4 Leptodactylus fuscus (63 records)
Endemic for 0 sets (set/score):

Sp. 5 Physalaemus albonotatus (60 records)
Endemic for 0 sets (set/score):

Sp. 6 Pithecopus azureus (59 records)
Endemic for 0 sets (set/score):

Sp. 7 Boana raniceps (55 records)
Endemic for 0 sets (set/score):

Sp. 8 Dendropsophus minutus (42 records)
Endemic for 0 sets (set/score):

Sp. 9 Scinax acuminatus (53 records)
Endemic for 0 sets (set/score):

Sp. 10 Scinax fuscovarius (49 records)
Endemic for 0 sets (set/score):

Sp. 11 Physalaemus biligonigerus (49 records)
Endemic for 0 sets (set/score):

Sp. 12 Pseudis platensis (48 records)
Endemic for 0 sets (set/score):

Sp. 13 Rhinella diptycha (47 records)
Endemic for 0 sets (set/score):

Sp. 14 Scinax similis (43 records)
Endemic for 0 sets (set/score):

Sp. 15 Physalaemus cuvieri (40 records)
Endemic for 0 sets (set/score):

Sp. 16 Hypsiboas raniceps (38 records)
Endemic for 0 sets (set/score):

Sp. 17 Trachycephalus typhonius (36 records)
Endemic for 0 sets (set/score):

Sp. 18 Physalaemus nattereri (31 records)
Endemic for 0 sets (set/score):

Sp. 19 Boana punctata (28 records)
Endemic for 0 sets (set/score):

Sp. 20 Scinax fuscomarginatus (24 records)
Endemic for 0 sets (set/score):

Sp. 21 Lysapsus limellum (24 records)
Endemic for 0 sets (set/score):

Sp. 22 Leptodactylus elenae (21 records)
Endemic for 0 sets (set/score):

Sp. 23 Rhinella scitula (19 records)
Endemic for 0 sets (set/score):

Sp. 24 Elachistocleis cesarii (19 records)
Endemic for 0 sets (set/score):

Sp. 25 Dermatonotus muelleri (17 records)
Endemic for 0 sets (set/score):

Sp. 26 Leptodactylus bufonius (18 records)
Endemic for 0 sets (set/score):

Sp. 27 Boana albopunctata (17 records)
Endemic for 0 sets (set/score):

Sp. 28 Leptodactylus labyrinthicus (16 records)
Endemic for 0 sets (set/score):

Sp. 29 Leptodactylus mystacinus (15 records)
Endemic for 0 sets (set/score):

Sp. 30 Elachistocleis matogrosso (15 records)
Endemic for 0 sets (set/score):

Sp. 31 Adenomera diptyx (15 records)
Endemic for 0 sets (set/score):

Sp. 32 Physalaemus centralis (14 records)
Endemic for 0 sets (set/score):

Sp. 33 Dendropsophus elianeae (14 records)
Endemic for 0 sets (set/score):

Sp. 34 Pseudopaludicola ameghini (13 records)
Endemic for 0 sets (set/score):

Sp. 35 Trachycephalus venulosus (13 records)
Endemic for 0 sets (set/score):

Sp. 36 Pseudopaludicola mystacalis (12 records)
Endemic for 0 sets (set/score):

Sp. 37 Elachistocleis bicolor (12 records)
Endemic for 0 sets (set/score):

Sp. 38 Leptodactylus syphax (11 records)
Endemic for 0 sets (set/score):

Sp. 39 Ameerega picta (9 records)
Endemic for 0 sets (set/score):

Sp. 40 Phyllomedusa sauvagii (10 records)
Endemic for 0 sets (set/score):

Sp. 41 Rhinella major (10 records)
Endemic for 0 sets (set/score):

Sp. 42 Dendropsophus jimi (10 records)
Endemic for 0 sets (set/score):

Sp. 43 Rhinella schneideri (9 records)
Endemic for 0 sets (set/score):

Sp. 44 Chiasmocleis albopunctata (9 records)
Endemic for 0 sets (set/score):

Sp. 45 Boana geographica (7 records)
Endemic for 0 sets (set/score):

Sp. 46 Leptodactylus latrans (8 records)
Endemic for 0 sets (set/score):

Sp. 47 Pseudis paradoxa (8 records)
Endemic for 0 sets (set/score):

Sp. 48 Boana caingua (8 records)
Endemic for 0 sets (set/score):

Sp. 49 Pseudopaludicola motorzinho (8 records)
Endemic for 0 sets (set/score):

Sp. 50 Leptodactylus furnarius (8 records)
Endemic for 0 sets (set/score):

Sp. 51 Melanophryniscus klappenbachi (7 records)
Endemic for 0 sets (set/score):

Sp. 52 Ameerega berohoka (7 records)
Endemic for 0 sets (set/score):

Sp. 53 Rhinella bergi (7 records)
Endemic for 0 sets (set/score):

Sp. 54 Scinax constrictus (6 records)
Endemic for 0 sets (set/score):

Sp. 55 Phyllomedusa azurea (5 records)
Endemic for 0 sets (set/score):

Sp. 56 Leptodactylus mystaceus (5 records)
Endemic for 0 sets (set/score):

Sp. 57 Leptodactylus bolivianus (5 records)
Endemic for 0 sets (set/score):

Sp. 58 Dendropsophus sanborni (5 records)
Endemic for 0 sets (set/score):

Sp. 59 Hypsiboas albopunctatus (5 records)
Endemic for 0 sets (set/score):

Sp. 60 Pseudis limellum (4 records)
Endemic for 0 sets (set/score):

Sp. 61 Physalaemus marmoratus (4 records)
Endemic for 0 sets (set/score):

Sp. 62 Dendropsophus melanargyreus (4 records)
Endemic for 1 sets (set/score):
      0: 1.000000

Sp. 63 Dendropsophus rubicundulus (4 records)
Endemic for 0 sets (set/score):

Sp. 64 Rhinella azarai (4 records)
Endemic for 0 sets (set/score):

Sp. 65 Elachistocleis ovalis (3 records)
Endemic for 0 sets (set/score):

Sp. 66 Pseudopaludicola saltica (4 records)
Endemic for 0 sets (set/score):

Sp. 67 Odontophrynus americanus (4 records)
Endemic for 0 sets (set/score):

Sp. 68 Adenomera hylaedactyla (4 records)
Endemic for 0 sets (set/score):

Sp. 69 Melanophryniscus fulvoguttatus (3 records)
Endemic for 0 sets (set/score):

Sp. 70 Eupemphix nattereri (3 records)
Endemic for 0 sets (set/score):

Sp. 71 Chiasmocleis mehelyi (3 records)
Endemic for 0 sets (set/score):

Sp. 72 Hypsiboas punctatus (3 records)
Endemic for 0 sets (set/score):

Sp. 73 Rhinella granulosa (3 records)
Endemic for 0 sets (set/score):

Sp. 74 Siphonops paulensis (2 records)
Endemic for 0 sets (set/score):

Sp. 75 Rhinella ocellata (2 records)
Endemic for 0 sets (set/score):

Sp. 76 Scinax x-signatus (2 records)
Endemic for 0 sets (set/score):

Sp. 77 Elachistocleis corumbaensis (2 records)
Endemic for 0 sets (set/score):

Sp. 78 Odontophrynus lavillai (2 records)
Endemic for 0 sets (set/score):

Sp. 79 Lepidobatrachus asper (2 records)
Endemic for 0 sets (set/score):

Sp. 80 Scinax squalirostris (2 records)
Endemic for 0 sets (set/score):

Sp. 81 Adenomera marmorata (2 records)
Endemic for 1 sets (set/score):
      0: 1.000000

Sp. 82 Dendropsophus walfordi (2 records)
Endemic for 0 sets (set/score):

Sp. 83 Ceratophrys cranwelli (2 records)
Endemic for 0 sets (set/score):

Sp. 84 Bufo paracnemis (1 records)
Endemic for 0 sets (set/score):

Sp. 85 Scinax scinax nasicus (1 records)
Endemic for 0 sets (set/score):

Sp. 86 Scinax ruber gr. (1 records)
Endemic for 0 sets (set/score):

Sp. 87 Scinax scinax sp. (1 records)
Endemic for 0 sets (set/score):

Sp. 88 Boana lundii (1 records)
Endemic for 0 sets (set/score):

Sp. 89 Rhinella rubescens (1 records)
Endemic for 0 sets (set/score):

Sp. 90 Scinax nebulosus (1 records)
Endemic for 0 sets (set/score):

Sp. 91 Rhinella margaritifera (1 records)
Endemic for 0 sets (set/score):

Sp. 92 Pithecopus rohdei (1 records)
Endemic for 0 sets (set/score):

Sp. 93 Leptodactylus leptodactylus podicipinus (1 records)
Endemic for 0 sets (set/score):

Sp. 94 Hyla megapodia (1 records)
Endemic for 0 sets (set/score):

Sp. 95 Haddadus binotatus (1 records)
Endemic for 0 sets (set/score):

Sp. 96 Leptodactylus ocellatus (1 records)
Endemic for 0 sets (set/score):

Sp. 97 Leptodactylus sertanejo (1 records)
Endemic for 0 sets (set/score):

Sp. 98 Leptodactylus gracilis (1 records)
Endemic for 0 sets (set/score):

Sp. 99 Hyla nana nana (1 records)
Endemic for 0 sets (set/score):

Sp. 100 Hypsiboas hypsiboas raniceps (1 records)
Endemic for 0 sets (set/score):

Sp. 101 Hypsiboas hypsiboas punctatus (1 records)
Endemic for 0 sets (set/score):

Sp. 102 Hypsiboas caingua (1 records)
Endemic for 0 sets (set/score):

Sp. 103 Leptodactylus cunicularius (1 records)
Endemic for 0 sets (set/score):

Sp. 104 Epipedobates pictus (1 records)
Endemic for 0 sets (set/score):

Sp. 105 Melanophryniscus stelzneri (1 records)
Endemic for 0 sets (set/score):

Sp. 106 Dendropsophus cerradensis (1 records)
Endemic for 0 sets (set/score):

Sp. 107 Pseudis pseudis paradoxa (1 records)
Endemic for 0 sets (set/score):

Sp. 108 Pseudis pseudis platensis (1 records)
Endemic for 0 sets (set/score):

Sp. 109 Pseudopaludicola boliviana (1 records)
Endemic for 0 sets (set/score):

Sp. 110 Pseudis minuta (1 records)
Endemic for 0 sets (set/score):

Sp. 111 Proceratophrys dibernardoi (1 records)
Endemic for 0 sets (set/score):

Sp. 112 Ololygon berthae (1 records)
Endemic for 0 sets (set/score):

Sp. 113 Phyllomedusa boliviana (1 records)
Endemic for 0 sets (set/score):

Sp. 114 Physalaemus gracilis (1 records)
Endemic for 0 sets (set/score):

Sp. 115 Pristimantis ventrigranulosus (1 records)
Endemic for 0 sets (set/score):

Sp. 116 Pseudopaludicola falcipes (1 records)
Endemic for 0 sets (set/score):
